Using pre-set license
Built from '2020.2/staging' branch; Version is '2020.2.3f1 (8ff31bc5bf5b) revision 9433883'; Using compiler version '192528614'; Build Type 'Release'
OS: 'Windows 10 Pro; OS build 19042.1165; Version 2009; 64bit' Language: 'en' Physical Memory: 16320 MB
BatchMode: 1, IsHumanControllingUs: 0, StartBugReporterOnCrash: 0, Is64bit: 1, IsPro: 0

 COMMAND LINE ARGUMENTS:
C:\Program Files\Unity\Editor\Unity.exe
-adb2
-batchMode
-noUpm
-name
AssetImportWorker2
-projectPath
C:/Users/Yusuf/RoadCase
-logFile
Logs/AssetImportWorker2.log
-srvPort
58445
Successfully changed project path to: C:/Users/Yusuf/RoadCase
C:/Users/Yusuf/RoadCase
Using Asset Import Pipeline V2.
Refreshing native plugins compatible for Editor in 28.70 ms, found 0 plugins.
Preloading 0 native plugins for Editor in 0.00 ms.
Initialize engine version: 2020.2.3f1 (8ff31bc5bf5b)
[Subsystems] Discovering subsystems at path C:/Program Files/Unity/Editor/Data/Resources/UnitySubsystems
[Subsystems] Discovering subsystems at path C:/Users/Yusuf/RoadCase/Assets
GfxDevice: creating device client; threaded=0
Direct3D:
    Version:  Direct3D 11.0 [level 11.1]
    Renderer: Radeon RX 580 Series (ID=0x67df)
    Vendor:   
    VRAM:     8171 MB
    Driver:   27.20.1034.6
Initialize mono
Mono path[0] = 'C:/Program Files/Unity/Editor/Data/Managed'
Mono path[1] = 'C:/Program Files/Unity/Editor/Data/MonoBleedingEdge/lib/mono/unityjit'
Mono config path = 'C:/Program Files/Unity/Editor/Data/MonoBleedingEdge/etc'
Using monoOptions --debugger-agent=transport=dt_socket,embedding=1,server=y,suspend=n,address=127.0.0.1:56712
Begin MonoManager ReloadAssembly
Registering precompiled unity dll's ...
Register platform support module: C:/Program Files/Unity/Editor/Data/PlaybackEngines/WindowsStandaloneSupport/UnityEditor.WindowsStandalone.Extensions.dll
Registered in 0.002526 seconds.
Native extension for WindowsStandalone target not found
Refreshing native plugins compatible for Editor in 27.49 ms, found 0 plugins.
Preloading 0 native plugins for Editor in 0.00 ms.
Invoked RoslynAnalysisRunner static constructor.
RoslynAnalysisRunner will not be running.
RoslynAnalysisRunner has terminated.
Mono: successfully reloaded assembly
- Completed reload, in  1.328 seconds
Platform modules already initialized, skipping
Registering precompiled user dll's ...
Registered in 0.000809 seconds.
Begin MonoManager ReloadAssembly
Native extension for WindowsStandalone target not found
Refreshing native plugins compatible for Editor in 0.21 ms, found 0 plugins.
Preloading 0 native plugins for Editor in 0.00 ms.
Invoked RoslynAnalysisRunner static constructor.
RoslynAnalysisRunner will not be running.
RoslynAnalysisRunner has terminated.
Mono: successfully reloaded assembly
- Completed reload, in  0.920 seconds
Platform modules already initialized, skipping
========================================================================
Worker process is ready to serve import requests
Launched and connected shader compiler UnityShaderCompiler.exe after 0.26 seconds
Refreshing native plugins compatible for Editor in 0.21 ms, found 0 plugins.
Preloading 0 native plugins for Editor in 0.00 ms.
Unloading 1111 Unused Serialized files (Serialized files now loaded: 0)
System memory in use before: 70.2 MB.
System memory in use after: 70.2 MB.

Unloading 10 unused Assets to reduce memory usage. Loaded Objects now: 1570.
Total: 1.784600 ms (FindLiveObjects: 0.152900 ms CreateObjectMapping: 0.029200 ms MarkObjects: 1.504600 ms  DeleteObjects: 0.096900 ms)

========================================================================
Received Import Request.
  path: Assets/Scripts/GameManager.cs
  artifactKey: Guid(7724a55f964a34a4b9f15a19644cc568) Importer(815301076,1909f56bfc062723c751e8b465ee728b)
Start importing Assets/Scripts/GameManager.cs using Guid(7724a55f964a34a4b9f15a19644cc568) Importer(815301076,1909f56bfc062723c751e8b465ee728b)  -> (artifact id: 'fef43830cc1a6f45ffd64eef6d3715db') in 0.032773 seconds
  Import took 0.034608 seconds .

========================================================================
Received Import Request.
  Time since last request: 148.449412 seconds.
  path: Assets/Scripts/GameManager.cs
  artifactKey: Guid(7724a55f964a34a4b9f15a19644cc568) Importer(815301076,1909f56bfc062723c751e8b465ee728b)
Start importing Assets/Scripts/GameManager.cs using Guid(7724a55f964a34a4b9f15a19644cc568) Importer(815301076,1909f56bfc062723c751e8b465ee728b)  -> (artifact id: 'ba91c51e09e7ec35b8f9888a72414bd0') in 0.003312 seconds
  Import took 0.005543 seconds .

========================================================================
Received Import Request.
  Time since last request: 65.768150 seconds.
  path: Assets/Scripts/GameManager.cs
  artifactKey: Guid(7724a55f964a34a4b9f15a19644cc568) Importer(815301076,1909f56bfc062723c751e8b465ee728b)
Start importing Assets/Scripts/GameManager.cs using Guid(7724a55f964a34a4b9f15a19644cc568) Importer(815301076,1909f56bfc062723c751e8b465ee728b)  -> (artifact id: '3bc7d4c776c2d50da867e0060a110f74') in 0.002750 seconds
  Import took 0.004859 seconds .

========================================================================
Received Prepare
Registering precompiled user dll's ...
Registered in 0.001113 seconds.
Begin MonoManager ReloadAssembly
Native extension for WindowsStandalone target not found
Refreshing native plugins compatible for Editor in 0.20 ms, found 0 plugins.
Preloading 0 native plugins for Editor in 0.00 ms.
Invoked RoslynAnalysisRunner static constructor.
RoslynAnalysisRunner will not be running.
RoslynAnalysisRunner has terminated.
Mono: successfully reloaded assembly
- Completed reload, in  0.828 seconds
Platform modules already initialized, skipping
Refreshing native plugins compatible for Editor in 0.24 ms, found 0 plugins.
Preloading 0 native plugins for Editor in 0.00 ms.
Unloading 1103 Unused Serialized files (Serialized files now loaded: 0)
System memory in use before: 69.9 MB.
System memory in use after: 70.0 MB.

Unloading 6 unused Assets to reduce memory usage. Loaded Objects now: 1571.
Total: 1.549400 ms (FindLiveObjects: 0.150300 ms CreateObjectMapping: 0.027800 ms MarkObjects: 1.299700 ms  DeleteObjects: 0.070700 ms)

========================================================================
Received Import Request.
  Time since last request: 315.683266 seconds.
  path: Assets/Scenes/SampleScene.unity
  artifactKey: Guid(9fc0d4010bbf28b4594072e72b8655ab) Importer(815301076,1909f56bfc062723c751e8b465ee728b)
Start importing Assets/Scenes/SampleScene.unity using Guid(9fc0d4010bbf28b4594072e72b8655ab) Importer(815301076,1909f56bfc062723c751e8b465ee728b)  -> (artifact id: '9c2bcccb56407c7b6a9817fcb5935b10') in 0.015294 seconds
  Import took 0.017349 seconds .

========================================================================
Received Import Request.
  Time since last request: 35.433988 seconds.
  path: Assets/Scenes/Level01.unity
  artifactKey: Guid(9fc0d4010bbf28b4594072e72b8655ab) Importer(815301076,1909f56bfc062723c751e8b465ee728b)
Start importing Assets/Scenes/Level01.unity using Guid(9fc0d4010bbf28b4594072e72b8655ab) Importer(815301076,1909f56bfc062723c751e8b465ee728b)  -> (artifact id: '096d52af026154631523b02e0ddb6ffd') in 0.039056 seconds
  Import took 0.042118 seconds .

========================================================================
Received Prepare
Registering precompiled user dll's ...
Registered in 0.000798 seconds.
Begin MonoManager ReloadAssembly
Native extension for WindowsStandalone target not found
Refreshing native plugins compatible for Editor in 0.20 ms, found 0 plugins.
Preloading 0 native plugins for Editor in 0.00 ms.
Invoked RoslynAnalysisRunner static constructor.
RoslynAnalysisRunner will not be running.
RoslynAnalysisRunner has terminated.
Mono: successfully reloaded assembly
- Completed reload, in  0.851 seconds
Platform modules already initialized, skipping
Refreshing native plugins compatible for Editor in 0.20 ms, found 0 plugins.
Preloading 0 native plugins for Editor in 0.00 ms.
Unloading 1103 Unused Serialized files (Serialized files now loaded: 0)
System memory in use before: 70.0 MB.
System memory in use after: 70.0 MB.

Unloading 5 unused Assets to reduce memory usage. Loaded Objects now: 1573.
Total: 1.697000 ms (FindLiveObjects: 0.138800 ms CreateObjectMapping: 0.027800 ms MarkObjects: 1.460800 ms  DeleteObjects: 0.068600 ms)

========================================================================
Received Prepare
Registering precompiled user dll's ...
Registered in 0.000963 seconds.
Begin MonoManager ReloadAssembly
Native extension for WindowsStandalone target not found
Refreshing native plugins compatible for Editor in 0.21 ms, found 0 plugins.
Preloading 0 native plugins for Editor in 0.00 ms.
Invoked RoslynAnalysisRunner static constructor.
RoslynAnalysisRunner will not be running.
RoslynAnalysisRunner has terminated.
Mono: successfully reloaded assembly
- Completed reload, in  0.824 seconds
Platform modules already initialized, skipping
Refreshing native plugins compatible for Editor in 0.20 ms, found 0 plugins.
Preloading 0 native plugins for Editor in 0.00 ms.
Unloading 1103 Unused Serialized files (Serialized files now loaded: 0)
System memory in use before: 70.0 MB.
System memory in use after: 70.1 MB.

Unloading 5 unused Assets to reduce memory usage. Loaded Objects now: 1575.
Total: 1.589800 ms (FindLiveObjects: 0.169600 ms CreateObjectMapping: 0.035600 ms MarkObjects: 1.322000 ms  DeleteObjects: 0.061800 ms)

========================================================================
Received Import Request.
  Time since last request: 296.928588 seconds.
  path: Assets/TextMesh Pro
  artifactKey: Guid(f54d1bd14bd3ca042bd867b519fee8cc) Importer(815301076,1909f56bfc062723c751e8b465ee728b)
Start importing Assets/TextMesh Pro using Guid(f54d1bd14bd3ca042bd867b519fee8cc) Importer(815301076,1909f56bfc062723c751e8b465ee728b)  -> (artifact id: '5e7a35b20df66958a2dfa0bec82de609') in 0.011071 seconds
  Import took 0.013486 seconds .

========================================================================
Received Prepare
Registering precompiled user dll's ...
Registered in 0.001001 seconds.
Begin MonoManager ReloadAssembly
Native extension for WindowsStandalone target not found
Refreshing native plugins compatible for Editor in 0.20 ms, found 0 plugins.
Preloading 0 native plugins for Editor in 0.00 ms.
Invoked RoslynAnalysisRunner static constructor.
RoslynAnalysisRunner will not be running.
RoslynAnalysisRunner has terminated.
Mono: successfully reloaded assembly
- Completed reload, in  0.866 seconds
Platform modules already initialized, skipping
Refreshing native plugins compatible for Editor in 0.21 ms, found 0 plugins.
Preloading 0 native plugins for Editor in 0.00 ms.
Unloading 1116 Unused Serialized files (Serialized files now loaded: 0)
System memory in use before: 71.7 MB.
System memory in use after: 71.1 MB.

Unloading 18 unused Assets to reduce memory usage. Loaded Objects now: 1577.
Total: 2.385700 ms (FindLiveObjects: 0.176700 ms CreateObjectMapping: 0.040800 ms MarkObjects: 1.737300 ms  DeleteObjects: 0.429400 ms)

========================================================================
Received Import Request.
  Time since last request: 198.602459 seconds.
  path: Assets/TextMesh Pro/Fonts
  artifactKey: Guid(6ab70aee4d56447429c680537fbf93ed) Importer(815301076,1909f56bfc062723c751e8b465ee728b)
Start importing Assets/TextMesh Pro/Fonts using Guid(6ab70aee4d56447429c680537fbf93ed) Importer(815301076,1909f56bfc062723c751e8b465ee728b)  -> (artifact id: 'fd1e0da5f86ed6d6109cc8d1c4c6f96d') in 0.010336 seconds
  Import took 0.012777 seconds .

========================================================================
Received Import Request.
  Time since last request: 9.332269 seconds.
  path: Assets/Prefabs/Barrier.prefab
  artifactKey: Guid(1ff8cd8ab65748846a650fd1a040d9c3) Importer(815301076,1909f56bfc062723c751e8b465ee728b)
Start importing Assets/Prefabs/Barrier.prefab using Guid(1ff8cd8ab65748846a650fd1a040d9c3) Importer(815301076,1909f56bfc062723c751e8b465ee728b)  -> (artifact id: 'bcdcf3608f89312d5e3b3e2839bd8cc7') in 0.101267 seconds
  Import took 0.103253 seconds .

========================================================================
Received Import Request.
  Time since last request: 1.374910 seconds.
  path: Assets/Prefabs/Barrier.prefab
  artifactKey: Guid(1ff8cd8ab65748846a650fd1a040d9c3) Importer(815301076,1909f56bfc062723c751e8b465ee728b)
Start importing Assets/Prefabs/Barrier.prefab using Guid(1ff8cd8ab65748846a650fd1a040d9c3) Importer(815301076,1909f56bfc062723c751e8b465ee728b)  -> (artifact id: '2883557169cc58f0aad6ef90b67a28f2') in 0.017364 seconds
  Import took 0.019373 seconds .

========================================================================
Received Import Request.
  Time since last request: 0.001889 seconds.
  path: Assets/Prefabs/Barrier.prefab
  artifactKey: Guid(1ff8cd8ab65748846a650fd1a040d9c3) Importer(815301076,1909f56bfc062723c751e8b465ee728b)
Start importing Assets/Prefabs/Barrier.prefab using Guid(1ff8cd8ab65748846a650fd1a040d9c3) Importer(815301076,1909f56bfc062723c751e8b465ee728b)  -> (artifact id: '2883557169cc58f0aad6ef90b67a28f2') in 0.015253 seconds
  Import took 0.017309 seconds .

========================================================================
Received Prepare
Registering precompiled user dll's ...
Registered in 0.000907 seconds.
Begin MonoManager ReloadAssembly
Native extension for WindowsStandalone target not found
Refreshing native plugins compatible for Editor in 0.21 ms, found 0 plugins.
Preloading 0 native plugins for Editor in 0.00 ms.
Invoked RoslynAnalysisRunner static constructor.
RoslynAnalysisRunner will not be running.
RoslynAnalysisRunner has terminated.
Mono: successfully reloaded assembly
- Completed reload, in  0.847 seconds
Platform modules already initialized, skipping
Refreshing native plugins compatible for Editor in 0.20 ms, found 0 plugins.
Preloading 0 native plugins for Editor in 0.00 ms.
Unloading 1116 Unused Serialized files (Serialized files now loaded: 0)
System memory in use before: 74.8 MB.
System memory in use after: 74.3 MB.

Unloading 18 unused Assets to reduce memory usage. Loaded Objects now: 1586.
Total: 3.392900 ms (FindLiveObjects: 0.136100 ms CreateObjectMapping: 0.026400 ms MarkObjects: 2.574200 ms  DeleteObjects: 0.654600 ms)

========================================================================
Received Prepare
Registering precompiled user dll's ...
Registered in 0.000860 seconds.
Begin MonoManager ReloadAssembly
Native extension for WindowsStandalone target not found
Refreshing native plugins compatible for Editor in 0.21 ms, found 0 plugins.
Preloading 0 native plugins for Editor in 0.00 ms.
Invoked RoslynAnalysisRunner static constructor.
RoslynAnalysisRunner will not be running.
RoslynAnalysisRunner has terminated.
Mono: successfully reloaded assembly
- Completed reload, in  0.830 seconds
Platform modules already initialized, skipping
Refreshing native plugins compatible for Editor in 0.22 ms, found 0 plugins.
Preloading 0 native plugins for Editor in 0.00 ms.
Unloading 1116 Unused Serialized files (Serialized files now loaded: 0)
System memory in use before: 74.8 MB.
System memory in use after: 74.3 MB.

Unloading 18 unused Assets to reduce memory usage. Loaded Objects now: 1588.
Total: 2.035700 ms (FindLiveObjects: 0.210800 ms CreateObjectMapping: 0.050500 ms MarkObjects: 1.407900 ms  DeleteObjects: 0.365200 ms)

========================================================================
Received Prepare
Registering precompiled user dll's ...
Registered in 0.000735 seconds.
Begin MonoManager ReloadAssembly
Native extension for WindowsStandalone target not found
Refreshing native plugins compatible for Editor in 0.21 ms, found 0 plugins.
Preloading 0 native plugins for Editor in 0.00 ms.
Invoked RoslynAnalysisRunner static constructor.
RoslynAnalysisRunner will not be running.
RoslynAnalysisRunner has terminated.
Mono: successfully reloaded assembly
- Completed reload, in  0.855 seconds
Platform modules already initialized, skipping
Refreshing native plugins compatible for Editor in 0.24 ms, found 0 plugins.
Preloading 0 native plugins for Editor in 0.00 ms.
Unloading 1117 Unused Serialized files (Serialized files now loaded: 0)
System memory in use before: 74.8 MB.
System memory in use after: 74.3 MB.

Unloading 18 unused Assets to reduce memory usage. Loaded Objects now: 1591.
Total: 2.000800 ms (FindLiveObjects: 0.184000 ms CreateObjectMapping: 0.037700 ms MarkObjects: 1.399600 ms  DeleteObjects: 0.378600 ms)

========================================================================
Received Import Request.
  Time since last request: 235.640220 seconds.
  path: Assets/GameManager.cs
  artifactKey: Guid(298b493722549254ba339ee2df71c390) Importer(815301076,1909f56bfc062723c751e8b465ee728b)
Start importing Assets/GameManager.cs using Guid(298b493722549254ba339ee2df71c390) Importer(815301076,1909f56bfc062723c751e8b465ee728b)  -> (artifact id: '87fd0ab115d3ced4ba52f160eca32f82') in 0.008042 seconds
  Import took 0.010441 seconds .

========================================================================
Received Prepare
Registering precompiled user dll's ...
Registered in 0.000774 seconds.
Begin MonoManager ReloadAssembly
Native extension for WindowsStandalone target not found
Refreshing native plugins compatible for Editor in 0.28 ms, found 0 plugins.
Preloading 0 native plugins for Editor in 0.00 ms.
Invoked RoslynAnalysisRunner static constructor.
RoslynAnalysisRunner will not be running.
RoslynAnalysisRunner has terminated.
Mono: successfully reloaded assembly
- Completed reload, in  0.860 seconds
Platform modules already initialized, skipping
Refreshing native plugins compatible for Editor in 0.20 ms, found 0 plugins.
Preloading 0 native plugins for Editor in 0.00 ms.
Unloading 1117 Unused Serialized files (Serialized files now loaded: 0)
System memory in use before: 74.8 MB.
System memory in use after: 74.3 MB.

Unloading 18 unused Assets to reduce memory usage. Loaded Objects now: 1593.
Total: 2.664300 ms (FindLiveObjects: 0.280200 ms CreateObjectMapping: 0.053600 ms MarkObjects: 1.909300 ms  DeleteObjects: 0.420100 ms)

========================================================================
Received Prepare
Registering precompiled user dll's ...
Registered in 0.000746 seconds.
Begin MonoManager ReloadAssembly
Native extension for WindowsStandalone target not found
Refreshing native plugins compatible for Editor in 0.21 ms, found 0 plugins.
Preloading 0 native plugins for Editor in 0.00 ms.
Invoked RoslynAnalysisRunner static constructor.
RoslynAnalysisRunner will not be running.
RoslynAnalysisRunner has terminated.
Mono: successfully reloaded assembly
- Completed reload, in  0.863 seconds
Platform modules already initialized, skipping
Refreshing native plugins compatible for Editor in 0.21 ms, found 0 plugins.
Preloading 0 native plugins for Editor in 0.00 ms.
Unloading 1117 Unused Serialized files (Serialized files now loaded: 0)
System memory in use before: 74.8 MB.
System memory in use after: 74.3 MB.

Unloading 18 unused Assets to reduce memory usage. Loaded Objects now: 1595.
Total: 1.968600 ms (FindLiveObjects: 0.185500 ms CreateObjectMapping: 0.036600 ms MarkObjects: 1.379100 ms  DeleteObjects: 0.366500 ms)

========================================================================
Received Import Request.
  Time since last request: 89.148836 seconds.
  path: Assets/Scripts/GameManager.cs
  artifactKey: Guid(298b493722549254ba339ee2df71c390) Importer(815301076,1909f56bfc062723c751e8b465ee728b)
Start importing Assets/Scripts/GameManager.cs using Guid(298b493722549254ba339ee2df71c390) Importer(815301076,1909f56bfc062723c751e8b465ee728b)  -> (artifact id: '4912c062ed4926f67efbd9262885143b') in 0.009151 seconds
  Import took 0.011271 seconds .

========================================================================
Received Import Request.
  Time since last request: 35.861581 seconds.
  path: Assets/Scripts/PlayerCollision.cs
  artifactKey: Guid(38cc4b8a35f498b4385491f2c0af99a4) Importer(815301076,1909f56bfc062723c751e8b465ee728b)
Start importing Assets/Scripts/PlayerCollision.cs using Guid(38cc4b8a35f498b4385491f2c0af99a4) Importer(815301076,1909f56bfc062723c751e8b465ee728b)  -> (artifact id: '035296784942c09db62cd9a3fb6de90e') in 0.007559 seconds
  Import took 0.009471 seconds .

========================================================================
Received Prepare
Registering precompiled user dll's ...
Registered in 0.000914 seconds.
Begin MonoManager ReloadAssembly
Native extension for WindowsStandalone target not found
Refreshing native plugins compatible for Editor in 0.21 ms, found 0 plugins.
Preloading 0 native plugins for Editor in 0.00 ms.
Invoked RoslynAnalysisRunner static constructor.
RoslynAnalysisRunner will not be running.
RoslynAnalysisRunner has terminated.
Mono: successfully reloaded assembly
- Completed reload, in  0.842 seconds
Platform modules already initialized, skipping
Refreshing native plugins compatible for Editor in 0.21 ms, found 0 plugins.
Preloading 0 native plugins for Editor in 0.00 ms.
Unloading 1118 Unused Serialized files (Serialized files now loaded: 0)
System memory in use before: 74.8 MB.
System memory in use after: 74.3 MB.

Unloading 18 unused Assets to reduce memory usage. Loaded Objects now: 1598.
Total: 2.002400 ms (FindLiveObjects: 0.210300 ms CreateObjectMapping: 0.030100 ms MarkObjects: 1.388300 ms  DeleteObjects: 0.372300 ms)

========================================================================
Received Prepare
Registering precompiled user dll's ...
Registered in 0.000865 seconds.
Begin MonoManager ReloadAssembly
Native extension for WindowsStandalone target not found
Refreshing native plugins compatible for Editor in 0.20 ms, found 0 plugins.
Preloading 0 native plugins for Editor in 0.00 ms.
Invoked RoslynAnalysisRunner static constructor.
RoslynAnalysisRunner will not be running.
RoslynAnalysisRunner has terminated.
Mono: successfully reloaded assembly
- Completed reload, in  0.843 seconds
Platform modules already initialized, skipping
Refreshing native plugins compatible for Editor in 0.21 ms, found 0 plugins.
Preloading 0 native plugins for Editor in 0.00 ms.
Unloading 1118 Unused Serialized files (Serialized files now loaded: 0)
System memory in use before: 74.8 MB.
System memory in use after: 74.3 MB.

Unloading 18 unused Assets to reduce memory usage. Loaded Objects now: 1600.
Total: 1.959500 ms (FindLiveObjects: 0.147400 ms CreateObjectMapping: 0.031800 ms MarkObjects: 1.403900 ms  DeleteObjects: 0.375200 ms)

========================================================================
Received Import Request.
  Time since last request: 44.021596 seconds.
  path: Assets/Scripts/PlayerCollision.cs
  artifactKey: Guid(38cc4b8a35f498b4385491f2c0af99a4) Importer(815301076,1909f56bfc062723c751e8b465ee728b)
Start importing Assets/Scripts/PlayerCollision.cs using Guid(38cc4b8a35f498b4385491f2c0af99a4) Importer(815301076,1909f56bfc062723c751e8b465ee728b)  -> (artifact id: '3c944beb6859e69e2be9ef18661567e8') in 0.007764 seconds
  Import took 0.009934 seconds .

========================================================================
Received Prepare
Registering precompiled user dll's ...
Registered in 0.000776 seconds.
Begin MonoManager ReloadAssembly
Native extension for WindowsStandalone target not found
Refreshing native plugins compatible for Editor in 0.21 ms, found 0 plugins.
Preloading 0 native plugins for Editor in 0.00 ms.
Invoked RoslynAnalysisRunner static constructor.
RoslynAnalysisRunner will not be running.
RoslynAnalysisRunner has terminated.
Mono: successfully reloaded assembly
- Completed reload, in  0.821 seconds
Platform modules already initialized, skipping
Refreshing native plugins compatible for Editor in 0.20 ms, found 0 plugins.
Preloading 0 native plugins for Editor in 0.00 ms.
Unloading 1118 Unused Serialized files (Serialized files now loaded: 0)
System memory in use before: 74.8 MB.
System memory in use after: 74.3 MB.

Unloading 18 unused Assets to reduce memory usage. Loaded Objects now: 1602.
Total: 1.852000 ms (FindLiveObjects: 0.141300 ms CreateObjectMapping: 0.028200 ms MarkObjects: 1.314800 ms  DeleteObjects: 0.366900 ms)

========================================================================
Received Prepare
Registering precompiled user dll's ...
Registered in 0.000908 seconds.
Begin MonoManager ReloadAssembly
Native extension for WindowsStandalone target not found
Refreshing native plugins compatible for Editor in 0.21 ms, found 0 plugins.
Preloading 0 native plugins for Editor in 0.00 ms.
Invoked RoslynAnalysisRunner static constructor.
RoslynAnalysisRunner will not be running.
RoslynAnalysisRunner has terminated.
Mono: successfully reloaded assembly
- Completed reload, in  0.866 seconds
Platform modules already initialized, skipping
Refreshing native plugins compatible for Editor in 0.20 ms, found 0 plugins.
Preloading 0 native plugins for Editor in 0.00 ms.
Unloading 1118 Unused Serialized files (Serialized files now loaded: 0)
System memory in use before: 74.8 MB.
System memory in use after: 74.3 MB.

Unloading 18 unused Assets to reduce memory usage. Loaded Objects now: 1604.
Total: 2.481100 ms (FindLiveObjects: 0.152300 ms CreateObjectMapping: 0.037000 ms MarkObjects: 1.819000 ms  DeleteObjects: 0.471900 ms)

========================================================================
Received Prepare
Registering precompiled user dll's ...
Registered in 0.000947 seconds.
Begin MonoManager ReloadAssembly
Native extension for WindowsStandalone target not found
Refreshing native plugins compatible for Editor in 0.24 ms, found 0 plugins.
Preloading 0 native plugins for Editor in 0.00 ms.
Invoked RoslynAnalysisRunner static constructor.
RoslynAnalysisRunner will not be running.
RoslynAnalysisRunner has terminated.
Mono: successfully reloaded assembly
- Completed reload, in  0.826 seconds
Platform modules already initialized, skipping
Refreshing native plugins compatible for Editor in 0.21 ms, found 0 plugins.
Preloading 0 native plugins for Editor in 0.00 ms.
Unloading 1118 Unused Serialized files (Serialized files now loaded: 0)
System memory in use before: 74.9 MB.
System memory in use after: 74.3 MB.

Unloading 18 unused Assets to reduce memory usage. Loaded Objects now: 1606.
Total: 2.078400 ms (FindLiveObjects: 0.185600 ms CreateObjectMapping: 0.032600 ms MarkObjects: 1.454900 ms  DeleteObjects: 0.404200 ms)

========================================================================
Received Import Request.
  Time since last request: 344.574136 seconds.
  path: ProjectSettings/TagManager.asset
  artifactKey: Guid(00000000000000003000000000000000) Importer(815301076,1909f56bfc062723c751e8b465ee728b)
Start importing ProjectSettings/TagManager.asset using Guid(00000000000000003000000000000000) Importer(815301076,1909f56bfc062723c751e8b465ee728b)  -> (artifact id: '3967517326e89c05db5ce63773be20a3') in 0.017472 seconds
  Import took 0.019504 seconds .

========================================================================
Received Prepare
Registering precompiled user dll's ...
Registered in 0.000812 seconds.
Begin MonoManager ReloadAssembly
Native extension for WindowsStandalone target not found
Refreshing native plugins compatible for Editor in 0.21 ms, found 0 plugins.
Preloading 0 native plugins for Editor in 0.00 ms.
Invoked RoslynAnalysisRunner static constructor.
RoslynAnalysisRunner will not be running.
RoslynAnalysisRunner has terminated.
Mono: successfully reloaded assembly
- Completed reload, in  0.829 seconds
Platform modules already initialized, skipping
Refreshing native plugins compatible for Editor in 0.29 ms, found 0 plugins.
Preloading 0 native plugins for Editor in 0.00 ms.
Unloading 1118 Unused Serialized files (Serialized files now loaded: 0)
System memory in use before: 74.9 MB.
System memory in use after: 74.3 MB.

Unloading 19 unused Assets to reduce memory usage. Loaded Objects now: 1608.
Total: 1.975100 ms (FindLiveObjects: 0.158000 ms CreateObjectMapping: 0.029300 ms MarkObjects: 1.409100 ms  DeleteObjects: 0.377600 ms)

========================================================================
Received Prepare
Registering precompiled user dll's ...
Registered in 0.000816 seconds.
Begin MonoManager ReloadAssembly
Native extension for WindowsStandalone target not found
Refreshing native plugins compatible for Editor in 0.21 ms, found 0 plugins.
Preloading 0 native plugins for Editor in 0.00 ms.
Invoked RoslynAnalysisRunner static constructor.
RoslynAnalysisRunner will not be running.
RoslynAnalysisRunner has terminated.
Mono: successfully reloaded assembly
- Completed reload, in  0.884 seconds
Platform modules already initialized, skipping
Refreshing native plugins compatible for Editor in 0.21 ms, found 0 plugins.
Preloading 0 native plugins for Editor in 0.00 ms.
Unloading 1119 Unused Serialized files (Serialized files now loaded: 0)
System memory in use before: 74.9 MB.
System memory in use after: 74.4 MB.

Unloading 18 unused Assets to reduce memory usage. Loaded Objects now: 1611.
Total: 2.464700 ms (FindLiveObjects: 0.165700 ms CreateObjectMapping: 0.029500 ms MarkObjects: 1.807100 ms  DeleteObjects: 0.461500 ms)

========================================================================
Received Prepare
Registering precompiled user dll's ...
Registered in 0.000852 seconds.
Begin MonoManager ReloadAssembly
Native extension for WindowsStandalone target not found
Refreshing native plugins compatible for Editor in 0.21 ms, found 0 plugins.
Preloading 0 native plugins for Editor in 0.00 ms.
Invoked RoslynAnalysisRunner static constructor.
RoslynAnalysisRunner will not be running.
RoslynAnalysisRunner has terminated.
Mono: successfully reloaded assembly
- Completed reload, in  0.833 seconds
Platform modules already initialized, skipping
Refreshing native plugins compatible for Editor in 0.21 ms, found 0 plugins.
Preloading 0 native plugins for Editor in 0.00 ms.
Unloading 1119 Unused Serialized files (Serialized files now loaded: 0)
System memory in use before: 74.9 MB.
System memory in use after: 74.4 MB.

Unloading 18 unused Assets to reduce memory usage. Loaded Objects now: 1613.
Total: 2.454800 ms (FindLiveObjects: 0.301400 ms CreateObjectMapping: 0.108900 ms MarkObjects: 1.636600 ms  DeleteObjects: 0.406500 ms)

========================================================================
Received Prepare
Registering precompiled user dll's ...
Registered in 0.000822 seconds.
Begin MonoManager ReloadAssembly
Native extension for WindowsStandalone target not found
Refreshing native plugins compatible for Editor in 0.21 ms, found 0 plugins.
Preloading 0 native plugins for Editor in 0.00 ms.
Invoked RoslynAnalysisRunner static constructor.
RoslynAnalysisRunner will not be running.
RoslynAnalysisRunner has terminated.
Mono: successfully reloaded assembly
- Completed reload, in  0.832 seconds
Platform modules already initialized, skipping
Refreshing native plugins compatible for Editor in 0.21 ms, found 0 plugins.
Preloading 0 native plugins for Editor in 0.00 ms.
Unloading 1119 Unused Serialized files (Serialized files now loaded: 0)
System memory in use before: 74.9 MB.
System memory in use after: 74.4 MB.

Unloading 18 unused Assets to reduce memory usage. Loaded Objects now: 1615.
Total: 1.969500 ms (FindLiveObjects: 0.166700 ms CreateObjectMapping: 0.030800 ms MarkObjects: 1.381100 ms  DeleteObjects: 0.389900 ms)

========================================================================
Received Import Request.
  Time since last request: 663.163322 seconds.
  path: Assets/Scripts/PlayerCollision.cs
  artifactKey: Guid(38cc4b8a35f498b4385491f2c0af99a4) Importer(815301076,1909f56bfc062723c751e8b465ee728b)
Start importing Assets/Scripts/PlayerCollision.cs using Guid(38cc4b8a35f498b4385491f2c0af99a4) Importer(815301076,1909f56bfc062723c751e8b465ee728b)  -> (artifact id: 'b2656efc14bae50e39d02eecb3d7333d') in 0.004968 seconds
  Import took 0.007537 seconds .

========================================================================
Received Import Request.
  Time since last request: 0.000634 seconds.
  path: Assets/Scripts/PlayerCollision.cs
  artifactKey: Guid(38cc4b8a35f498b4385491f2c0af99a4) Importer(815301076,1909f56bfc062723c751e8b465ee728b)
Start importing Assets/Scripts/PlayerCollision.cs using Guid(38cc4b8a35f498b4385491f2c0af99a4) Importer(815301076,1909f56bfc062723c751e8b465ee728b)  -> (artifact id: 'b2656efc14bae50e39d02eecb3d7333d') in 0.003250 seconds
  Import took 0.005736 seconds .

========================================================================
Received Prepare
Registering precompiled user dll's ...
Registered in 0.000878 seconds.
Begin MonoManager ReloadAssembly
Native extension for WindowsStandalone target not found
Refreshing native plugins compatible for Editor in 0.21 ms, found 0 plugins.
Preloading 0 native plugins for Editor in 0.00 ms.
Invoked RoslynAnalysisRunner static constructor.
RoslynAnalysisRunner will not be running.
RoslynAnalysisRunner has terminated.
Mono: successfully reloaded assembly
- Completed reload, in  0.893 seconds
Platform modules already initialized, skipping
Refreshing native plugins compatible for Editor in 0.20 ms, found 0 plugins.
Preloading 0 native plugins for Editor in 0.00 ms.
Unloading 1118 Unused Serialized files (Serialized files now loaded: 0)
System memory in use before: 74.9 MB.
System memory in use after: 74.3 MB.

Unloading 19 unused Assets to reduce memory usage. Loaded Objects now: 1616.
Total: 1.994800 ms (FindLiveObjects: 0.161600 ms CreateObjectMapping: 0.031000 ms MarkObjects: 1.422000 ms  DeleteObjects: 0.379300 ms)

========================================================================
Received Import Request.
  Time since last request: 14.657383 seconds.
  path: Assets/Scripts/PlayerManager.cs
  artifactKey: Guid(9609b9b3bae0a374ca889e3b4af0022d) Importer(815301076,1909f56bfc062723c751e8b465ee728b)
Start importing Assets/Scripts/PlayerManager.cs using Guid(9609b9b3bae0a374ca889e3b4af0022d) Importer(815301076,1909f56bfc062723c751e8b465ee728b)  -> (artifact id: '4c919404b8603b14d8f8845b23256325') in 0.010321 seconds
  Import took 0.012461 seconds .

========================================================================
Received Prepare
Registering precompiled user dll's ...
Registered in 0.000876 seconds.
Begin MonoManager ReloadAssembly
Native extension for WindowsStandalone target not found
Refreshing native plugins compatible for Editor in 0.21 ms, found 0 plugins.
Preloading 0 native plugins for Editor in 0.00 ms.
Invoked RoslynAnalysisRunner static constructor.
RoslynAnalysisRunner will not be running.
RoslynAnalysisRunner has terminated.
Mono: successfully reloaded assembly
- Completed reload, in  0.843 seconds
Platform modules already initialized, skipping
Refreshing native plugins compatible for Editor in 0.20 ms, found 0 plugins.
Preloading 0 native plugins for Editor in 0.00 ms.
Unloading 1119 Unused Serialized files (Serialized files now loaded: 0)
System memory in use before: 74.9 MB.
System memory in use after: 74.4 MB.

Unloading 18 unused Assets to reduce memory usage. Loaded Objects now: 1619.
Total: 2.035800 ms (FindLiveObjects: 0.179600 ms CreateObjectMapping: 0.039800 ms MarkObjects: 1.437100 ms  DeleteObjects: 0.378300 ms)

========================================================================
Received Import Request.
  Time since last request: 231.178767 seconds.
  path: Assets/Prefabs/Barrier.prefab
  artifactKey: Guid(1ff8cd8ab65748846a650fd1a040d9c3) Importer(815301076,1909f56bfc062723c751e8b465ee728b)
Start importing Assets/Prefabs/Barrier.prefab using Guid(1ff8cd8ab65748846a650fd1a040d9c3) Importer(815301076,1909f56bfc062723c751e8b465ee728b)  -> (artifact id: '963f0414765e9cd7d6101053ff6b199d') in 0.065893 seconds
  Import took 0.068065 seconds .

========================================================================
Received Prepare
Registering precompiled user dll's ...
Registered in 0.000796 seconds.
Begin MonoManager ReloadAssembly
Native extension for WindowsStandalone target not found
Refreshing native plugins compatible for Editor in 0.27 ms, found 0 plugins.
Preloading 0 native plugins for Editor in 0.00 ms.
Invoked RoslynAnalysisRunner static constructor.
RoslynAnalysisRunner will not be running.
RoslynAnalysisRunner has terminated.
Mono: successfully reloaded assembly
- Completed reload, in  0.843 seconds
Platform modules already initialized, skipping
Refreshing native plugins compatible for Editor in 0.22 ms, found 0 plugins.
Preloading 0 native plugins for Editor in 0.00 ms.
Unloading 1119 Unused Serialized files (Serialized files now loaded: 0)
System memory in use before: 74.9 MB.
System memory in use after: 74.4 MB.

Unloading 18 unused Assets to reduce memory usage. Loaded Objects now: 1622.
Total: 2.028600 ms (FindLiveObjects: 0.166700 ms CreateObjectMapping: 0.030900 ms MarkObjects: 1.447500 ms  DeleteObjects: 0.382400 ms)

========================================================================
Received Prepare
Registering precompiled user dll's ...
Registered in 0.000800 seconds.
Begin MonoManager ReloadAssembly
Native extension for WindowsStandalone target not found
Refreshing native plugins compatible for Editor in 0.20 ms, found 0 plugins.
Preloading 0 native plugins for Editor in 0.00 ms.
Invoked RoslynAnalysisRunner static constructor.
RoslynAnalysisRunner will not be running.
RoslynAnalysisRunner has terminated.
Mono: successfully reloaded assembly
- Completed reload, in  0.842 seconds
Platform modules already initialized, skipping
Refreshing native plugins compatible for Editor in 0.20 ms, found 0 plugins.
Preloading 0 native plugins for Editor in 0.00 ms.
Unloading 1119 Unused Serialized files (Serialized files now loaded: 0)
System memory in use before: 74.9 MB.
System memory in use after: 74.4 MB.

Unloading 18 unused Assets to reduce memory usage. Loaded Objects now: 1624.
Total: 2.029600 ms (FindLiveObjects: 0.149900 ms CreateObjectMapping: 0.029500 ms MarkObjects: 1.474900 ms  DeleteObjects: 0.374400 ms)

========================================================================
Received Import Request.
  Time since last request: 555.178111 seconds.
  path: Assets/Scripts/GameManager.cs
  artifactKey: Guid(298b493722549254ba339ee2df71c390) Importer(815301076,1909f56bfc062723c751e8b465ee728b)
Start importing Assets/Scripts/GameManager.cs using Guid(298b493722549254ba339ee2df71c390) Importer(815301076,1909f56bfc062723c751e8b465ee728b)  -> (artifact id: '8efdf900c5b39c547393253e1d07943b') in 0.004598 seconds
  Import took 0.006484 seconds .

========================================================================
Received Prepare
Registering precompiled user dll's ...
Registered in 0.000834 seconds.
Begin MonoManager ReloadAssembly
Native extension for WindowsStandalone target not found
Refreshing native plugins compatible for Editor in 0.21 ms, found 0 plugins.
Preloading 0 native plugins for Editor in 0.00 ms.
Invoked RoslynAnalysisRunner static constructor.
RoslynAnalysisRunner will not be running.
RoslynAnalysisRunner has terminated.
Mono: successfully reloaded assembly
- Completed reload, in  0.818 seconds
Platform modules already initialized, skipping
Refreshing native plugins compatible for Editor in 0.21 ms, found 0 plugins.
Preloading 0 native plugins for Editor in 0.00 ms.
Unloading 1119 Unused Serialized files (Serialized files now loaded: 0)
System memory in use before: 74.9 MB.
System memory in use after: 74.4 MB.

Unloading 18 unused Assets to reduce memory usage. Loaded Objects now: 1626.
Total: 1.881000 ms (FindLiveObjects: 0.154000 ms CreateObjectMapping: 0.030000 ms MarkObjects: 1.323600 ms  DeleteObjects: 0.372700 ms)

========================================================================
Received Prepare
Registering precompiled user dll's ...
Registered in 0.000792 seconds.
Begin MonoManager ReloadAssembly
Native extension for WindowsStandalone target not found
Refreshing native plugins compatible for Editor in 0.20 ms, found 0 plugins.
Preloading 0 native plugins for Editor in 0.00 ms.
Invoked RoslynAnalysisRunner static constructor.
RoslynAnalysisRunner will not be running.
RoslynAnalysisRunner has terminated.
Mono: successfully reloaded assembly
- Completed reload, in  0.848 seconds
Platform modules already initialized, skipping
Refreshing native plugins compatible for Editor in 0.20 ms, found 0 plugins.
Preloading 0 native plugins for Editor in 0.00 ms.
Unloading 1118 Unused Serialized files (Serialized files now loaded: 0)
System memory in use before: 74.9 MB.
System memory in use after: 74.4 MB.

Unloading 19 unused Assets to reduce memory usage. Loaded Objects now: 1627.
Total: 2.018200 ms (FindLiveObjects: 0.216300 ms CreateObjectMapping: 0.060400 ms MarkObjects: 1.372700 ms  DeleteObjects: 0.367400 ms)

========================================================================
Received Prepare
Registering precompiled user dll's ...
Registered in 0.000822 seconds.
Begin MonoManager ReloadAssembly
Native extension for WindowsStandalone target not found
Refreshing native plugins compatible for Editor in 0.20 ms, found 0 plugins.
Preloading 0 native plugins for Editor in 0.00 ms.
Invoked RoslynAnalysisRunner static constructor.
RoslynAnalysisRunner will not be running.
RoslynAnalysisRunner has terminated.
Mono: successfully reloaded assembly
- Completed reload, in  0.869 seconds
Platform modules already initialized, skipping
Refreshing native plugins compatible for Editor in 0.21 ms, found 0 plugins.
Preloading 0 native plugins for Editor in 0.00 ms.
Unloading 1118 Unused Serialized files (Serialized files now loaded: 0)
System memory in use before: 74.9 MB.
System memory in use after: 74.4 MB.

Unloading 18 unused Assets to reduce memory usage. Loaded Objects now: 1629.
Total: 1.927700 ms (FindLiveObjects: 0.154600 ms CreateObjectMapping: 0.028700 ms MarkObjects: 1.364600 ms  DeleteObjects: 0.379100 ms)

========================================================================
Received Prepare
Registering precompiled user dll's ...
Registered in 0.000772 seconds.
Begin MonoManager ReloadAssembly
Native extension for WindowsStandalone target not found
Refreshing native plugins compatible for Editor in 0.20 ms, found 0 plugins.
Preloading 0 native plugins for Editor in 0.00 ms.
Invoked RoslynAnalysisRunner static constructor.
RoslynAnalysisRunner will not be running.
RoslynAnalysisRunner has terminated.
Mono: successfully reloaded assembly
- Completed reload, in  0.865 seconds
Platform modules already initialized, skipping
Refreshing native plugins compatible for Editor in 0.22 ms, found 0 plugins.
Preloading 0 native plugins for Editor in 0.00 ms.
Unloading 1118 Unused Serialized files (Serialized files now loaded: 0)
System memory in use before: 74.9 MB.
System memory in use after: 74.4 MB.

Unloading 18 unused Assets to reduce memory usage. Loaded Objects now: 1631.
Total: 2.474200 ms (FindLiveObjects: 0.213800 ms CreateObjectMapping: 0.038500 ms MarkObjects: 1.810400 ms  DeleteObjects: 0.410200 ms)

========================================================================
Received Prepare
Registering precompiled user dll's ...
Registered in 0.000778 seconds.
Begin MonoManager ReloadAssembly
Native extension for WindowsStandalone target not found
Refreshing native plugins compatible for Editor in 0.28 ms, found 0 plugins.
Preloading 0 native plugins for Editor in 0.00 ms.
Invoked RoslynAnalysisRunner static constructor.
RoslynAnalysisRunner will not be running.
RoslynAnalysisRunner has terminated.
Mono: successfully reloaded assembly
- Completed reload, in  0.857 seconds
Platform modules already initialized, skipping
Refreshing native plugins compatible for Editor in 0.21 ms, found 0 plugins.
Preloading 0 native plugins for Editor in 0.00 ms.
Unloading 1118 Unused Serialized files (Serialized files now loaded: 0)
System memory in use before: 74.9 MB.
System memory in use after: 74.4 MB.

Unloading 18 unused Assets to reduce memory usage. Loaded Objects now: 1633.
Total: 2.292800 ms (FindLiveObjects: 0.153500 ms CreateObjectMapping: 0.030500 ms MarkObjects: 1.711800 ms  DeleteObjects: 0.395400 ms)

========================================================================
Received Prepare
Registering precompiled user dll's ...
Registered in 0.000847 seconds.
Begin MonoManager ReloadAssembly
Native extension for WindowsStandalone target not found
Refreshing native plugins compatible for Editor in 0.23 ms, found 0 plugins.
Preloading 0 native plugins for Editor in 0.00 ms.
Invoked RoslynAnalysisRunner static constructor.
RoslynAnalysisRunner will not be running.
RoslynAnalysisRunner has terminated.
Mono: successfully reloaded assembly
- Completed reload, in  0.835 seconds
Platform modules already initialized, skipping
Refreshing native plugins compatible for Editor in 0.21 ms, found 0 plugins.
Preloading 0 native plugins for Editor in 0.00 ms.
Unloading 1118 Unused Serialized files (Serialized files now loaded: 0)
System memory in use before: 74.9 MB.
System memory in use after: 74.4 MB.

Unloading 18 unused Assets to reduce memory usage. Loaded Objects now: 1635.
Total: 2.011000 ms (FindLiveObjects: 0.148000 ms CreateObjectMapping: 0.028200 ms MarkObjects: 1.435600 ms  DeleteObjects: 0.398300 ms)

========================================================================
Received Prepare
Registering precompiled user dll's ...
Registered in 0.000847 seconds.
Begin MonoManager ReloadAssembly
Native extension for WindowsStandalone target not found
Refreshing native plugins compatible for Editor in 0.27 ms, found 0 plugins.
Preloading 0 native plugins for Editor in 0.00 ms.
Invoked RoslynAnalysisRunner static constructor.
RoslynAnalysisRunner will not be running.
RoslynAnalysisRunner has terminated.
Mono: successfully reloaded assembly
- Completed reload, in  0.835 seconds
Platform modules already initialized, skipping
Refreshing native plugins compatible for Editor in 0.23 ms, found 0 plugins.
Preloading 0 native plugins for Editor in 0.00 ms.
Unloading 1118 Unused Serialized files (Serialized files now loaded: 0)
System memory in use before: 74.9 MB.
System memory in use after: 74.4 MB.

Unloading 18 unused Assets to reduce memory usage. Loaded Objects now: 1637.
Total: 1.910800 ms (FindLiveObjects: 0.147700 ms CreateObjectMapping: 0.029900 ms MarkObjects: 1.363000 ms  DeleteObjects: 0.369300 ms)

========================================================================
Received Import Request.
  Time since last request: 463.352026 seconds.
  path: Assets/Scripts/BarrierSpawner.cs
  artifactKey: Guid(5ee281209c7d0514fa13c545deb3158d) Importer(815301076,1909f56bfc062723c751e8b465ee728b)
Start importing Assets/Scripts/BarrierSpawner.cs using Guid(5ee281209c7d0514fa13c545deb3158d) Importer(815301076,1909f56bfc062723c751e8b465ee728b)  -> (artifact id: '062fdf138cad4a4d2f79e971985585c1') in 0.008340 seconds
  Import took 0.010347 seconds .

========================================================================
Received Import Request.
  Time since last request: 0.326329 seconds.
  path: Assets/Scripts/PlayerManager.cs
  artifactKey: Guid(9609b9b3bae0a374ca889e3b4af0022d) Importer(815301076,1909f56bfc062723c751e8b465ee728b)
Start importing Assets/Scripts/PlayerManager.cs using Guid(9609b9b3bae0a374ca889e3b4af0022d) Importer(815301076,1909f56bfc062723c751e8b465ee728b)  -> (artifact id: '114d9f17e9461a18c413b8aec515e9a2') in 0.002519 seconds
  Import took 0.004358 seconds .

========================================================================
Received Import Request.
  Time since last request: 2.769030 seconds.
  path: Assets/Scripts/SpawnManager.cs
  artifactKey: Guid(c55fc15d72cb59b439db56593efa0b1f) Importer(815301076,1909f56bfc062723c751e8b465ee728b)
Start importing Assets/Scripts/SpawnManager.cs using Guid(c55fc15d72cb59b439db56593efa0b1f) Importer(815301076,1909f56bfc062723c751e8b465ee728b)  -> (artifact id: '4e2895274c73ace9db948c766266658b') in 0.006537 seconds
  Import took 0.008495 seconds .

========================================================================
Received Prepare
Registering precompiled user dll's ...
Registered in 0.000909 seconds.
Begin MonoManager ReloadAssembly
Native extension for WindowsStandalone target not found
Refreshing native plugins compatible for Editor in 0.21 ms, found 0 plugins.
Preloading 0 native plugins for Editor in 0.00 ms.
Invoked RoslynAnalysisRunner static constructor.
RoslynAnalysisRunner will not be running.
RoslynAnalysisRunner has terminated.
Mono: successfully reloaded assembly
- Completed reload, in  0.831 seconds
Platform modules already initialized, skipping
Refreshing native plugins compatible for Editor in 0.22 ms, found 0 plugins.
Preloading 0 native plugins for Editor in 0.00 ms.
Unloading 1118 Unused Serialized files (Serialized files now loaded: 0)
System memory in use before: 74.9 MB.
System memory in use after: 74.4 MB.

Unloading 18 unused Assets to reduce memory usage. Loaded Objects now: 1639.
Total: 2.486300 ms (FindLiveObjects: 0.195800 ms CreateObjectMapping: 0.040500 ms MarkObjects: 1.772900 ms  DeleteObjects: 0.476100 ms)

========================================================================
Received Import Request.
  Time since last request: 208.733422 seconds.
  path: Assets/Prefabs/Barrier.prefab
  artifactKey: Guid(1ff8cd8ab65748846a650fd1a040d9c3) Importer(815301076,1909f56bfc062723c751e8b465ee728b)
Start importing Assets/Prefabs/Barrier.prefab using Guid(1ff8cd8ab65748846a650fd1a040d9c3) Importer(815301076,1909f56bfc062723c751e8b465ee728b)  -> (artifact id: '2e3858d7f3888911d8f4906a1b566559') in 0.064682 seconds
  Import took 0.066830 seconds .

========================================================================
Received Prepare
Registering precompiled user dll's ...
Registered in 0.000929 seconds.
Begin MonoManager ReloadAssembly
Native extension for WindowsStandalone target not found
Refreshing native plugins compatible for Editor in 0.21 ms, found 0 plugins.
Preloading 0 native plugins for Editor in 0.00 ms.
Invoked RoslynAnalysisRunner static constructor.
RoslynAnalysisRunner will not be running.
RoslynAnalysisRunner has terminated.
Mono: successfully reloaded assembly
- Completed reload, in  0.836 seconds
Platform modules already initialized, skipping
Refreshing native plugins compatible for Editor in 0.21 ms, found 0 plugins.
Preloading 0 native plugins for Editor in 0.00 ms.
Unloading 1118 Unused Serialized files (Serialized files now loaded: 0)
System memory in use before: 74.8 MB.
System memory in use after: 74.3 MB.

Unloading 18 unused Assets to reduce memory usage. Loaded Objects now: 1642.
Total: 1.963000 ms (FindLiveObjects: 0.151300 ms CreateObjectMapping: 0.029300 ms MarkObjects: 1.389500 ms  DeleteObjects: 0.392300 ms)

========================================================================
Received Prepare
Registering precompiled user dll's ...
Registered in 0.000944 seconds.
Begin MonoManager ReloadAssembly
Native extension for WindowsStandalone target not found
Refreshing native plugins compatible for Editor in 0.21 ms, found 0 plugins.
Preloading 0 native plugins for Editor in 0.00 ms.
Invoked RoslynAnalysisRunner static constructor.
RoslynAnalysisRunner will not be running.
RoslynAnalysisRunner has terminated.
Mono: successfully reloaded assembly
- Completed reload, in  0.841 seconds
Platform modules already initialized, skipping
Refreshing native plugins compatible for Editor in 0.21 ms, found 0 plugins.
Preloading 0 native plugins for Editor in 0.00 ms.
Unloading 1118 Unused Serialized files (Serialized files now loaded: 0)
System memory in use before: 74.8 MB.
System memory in use after: 74.3 MB.

Unloading 18 unused Assets to reduce memory usage. Loaded Objects now: 1644.
Total: 1.858400 ms (FindLiveObjects: 0.165800 ms CreateObjectMapping: 0.028500 ms MarkObjects: 1.292700 ms  DeleteObjects: 0.370600 ms)

========================================================================
Received Prepare
Registering precompiled user dll's ...
Registered in 0.000819 seconds.
Begin MonoManager ReloadAssembly
Native extension for WindowsStandalone target not found
Refreshing native plugins compatible for Editor in 0.22 ms, found 0 plugins.
Preloading 0 native plugins for Editor in 0.00 ms.
Invoked RoslynAnalysisRunner static constructor.
RoslynAnalysisRunner will not be running.
RoslynAnalysisRunner has terminated.
Mono: successfully reloaded assembly
- Completed reload, in  0.852 seconds
Platform modules already initialized, skipping
Refreshing native plugins compatible for Editor in 0.22 ms, found 0 plugins.
Preloading 0 native plugins for Editor in 0.00 ms.
Unloading 1118 Unused Serialized files (Serialized files now loaded: 0)
System memory in use before: 74.8 MB.
System memory in use after: 74.3 MB.

Unloading 18 unused Assets to reduce memory usage. Loaded Objects now: 1646.
Total: 2.118100 ms (FindLiveObjects: 0.193800 ms CreateObjectMapping: 0.030100 ms MarkObjects: 1.498400 ms  DeleteObjects: 0.394400 ms)

========================================================================
Received Prepare
Registering precompiled user dll's ...
Registered in 0.000785 seconds.
Begin MonoManager ReloadAssembly
Native extension for WindowsStandalone target not found
Refreshing native plugins compatible for Editor in 0.32 ms, found 0 plugins.
Preloading 0 native plugins for Editor in 0.00 ms.
Invoked RoslynAnalysisRunner static constructor.
RoslynAnalysisRunner will not be running.
RoslynAnalysisRunner has terminated.
Mono: successfully reloaded assembly
- Completed reload, in  0.842 seconds
Platform modules already initialized, skipping
Refreshing native plugins compatible for Editor in 0.22 ms, found 0 plugins.
Preloading 0 native plugins for Editor in 0.00 ms.
Unloading 1118 Unused Serialized files (Serialized files now loaded: 0)
System memory in use before: 74.8 MB.
System memory in use after: 74.3 MB.

Unloading 18 unused Assets to reduce memory usage. Loaded Objects now: 1648.
Total: 1.887200 ms (FindLiveObjects: 0.162200 ms CreateObjectMapping: 0.030600 ms MarkObjects: 1.308600 ms  DeleteObjects: 0.385000 ms)

========================================================================
Received Prepare
Registering precompiled user dll's ...
Registered in 0.000816 seconds.
Begin MonoManager ReloadAssembly
Native extension for WindowsStandalone target not found
Refreshing native plugins compatible for Editor in 0.21 ms, found 0 plugins.
Preloading 0 native plugins for Editor in 0.00 ms.
Invoked RoslynAnalysisRunner static constructor.
RoslynAnalysisRunner will not be running.
RoslynAnalysisRunner has terminated.
Mono: successfully reloaded assembly
- Completed reload, in  0.845 seconds
Platform modules already initialized, skipping
Refreshing native plugins compatible for Editor in 0.21 ms, found 0 plugins.
Preloading 0 native plugins for Editor in 0.00 ms.
Unloading 1118 Unused Serialized files (Serialized files now loaded: 0)
System memory in use before: 74.8 MB.
System memory in use after: 74.3 MB.

Unloading 18 unused Assets to reduce memory usage. Loaded Objects now: 1650.
Total: 2.147500 ms (FindLiveObjects: 0.159900 ms CreateObjectMapping: 0.049200 ms MarkObjects: 1.515700 ms  DeleteObjects: 0.421800 ms)

========================================================================
Received Prepare
Registering precompiled user dll's ...
Registered in 0.000813 seconds.
Begin MonoManager ReloadAssembly
Native extension for WindowsStandalone target not found
Refreshing native plugins compatible for Editor in 0.21 ms, found 0 plugins.
Preloading 0 native plugins for Editor in 0.00 ms.
Invoked RoslynAnalysisRunner static constructor.
RoslynAnalysisRunner will not be running.
RoslynAnalysisRunner has terminated.
Mono: successfully reloaded assembly
- Completed reload, in  0.868 seconds
Platform modules already initialized, skipping
Refreshing native plugins compatible for Editor in 0.20 ms, found 0 plugins.
Preloading 0 native plugins for Editor in 0.00 ms.
Unloading 1118 Unused Serialized files (Serialized files now loaded: 0)
System memory in use before: 74.9 MB.
System memory in use after: 74.4 MB.

Unloading 18 unused Assets to reduce memory usage. Loaded Objects now: 1652.
Total: 1.875500 ms (FindLiveObjects: 0.146200 ms CreateObjectMapping: 0.029100 ms MarkObjects: 1.335000 ms  DeleteObjects: 0.364300 ms)

========================================================================
Received Prepare
Registering precompiled user dll's ...
Registered in 0.000837 seconds.
Begin MonoManager ReloadAssembly
Native extension for WindowsStandalone target not found
Refreshing native plugins compatible for Editor in 0.27 ms, found 0 plugins.
Preloading 0 native plugins for Editor in 0.00 ms.
Invoked RoslynAnalysisRunner static constructor.
RoslynAnalysisRunner will not be running.
RoslynAnalysisRunner has terminated.
Mono: successfully reloaded assembly
- Completed reload, in  0.853 seconds
Platform modules already initialized, skipping
Refreshing native plugins compatible for Editor in 0.20 ms, found 0 plugins.
Preloading 0 native plugins for Editor in 0.00 ms.
Unloading 1118 Unused Serialized files (Serialized files now loaded: 0)
System memory in use before: 74.9 MB.
System memory in use after: 74.4 MB.

Unloading 18 unused Assets to reduce memory usage. Loaded Objects now: 1654.
Total: 1.949900 ms (FindLiveObjects: 0.179300 ms CreateObjectMapping: 0.041100 ms MarkObjects: 1.357100 ms  DeleteObjects: 0.371300 ms)

========================================================================
Received Prepare
Registering precompiled user dll's ...
Registered in 0.000803 seconds.
Begin MonoManager ReloadAssembly
Native extension for WindowsStandalone target not found
Refreshing native plugins compatible for Editor in 0.21 ms, found 0 plugins.
Preloading 0 native plugins for Editor in 0.00 ms.
Invoked RoslynAnalysisRunner static constructor.
RoslynAnalysisRunner will not be running.
RoslynAnalysisRunner has terminated.
Mono: successfully reloaded assembly
- Completed reload, in  0.831 seconds
Platform modules already initialized, skipping
Refreshing native plugins compatible for Editor in 0.24 ms, found 0 plugins.
Preloading 0 native plugins for Editor in 0.00 ms.
Unloading 1118 Unused Serialized files (Serialized files now loaded: 0)
System memory in use before: 74.9 MB.
System memory in use after: 74.4 MB.

Unloading 18 unused Assets to reduce memory usage. Loaded Objects now: 1656.
Total: 2.092300 ms (FindLiveObjects: 0.194300 ms CreateObjectMapping: 0.032600 ms MarkObjects: 1.461700 ms  DeleteObjects: 0.402900 ms)

========================================================================
Received Import Request.
  Time since last request: 652.783226 seconds.
  path: Assets/Scripts/Events.cs
  artifactKey: Guid(e16b0a8044fb83540a5d87c736d2f3f0) Importer(815301076,1909f56bfc062723c751e8b465ee728b)
Start importing Assets/Scripts/Events.cs using Guid(e16b0a8044fb83540a5d87c736d2f3f0) Importer(815301076,1909f56bfc062723c751e8b465ee728b)  -> (artifact id: '693715f4ddaad2403e5037397b9902dc') in 0.009371 seconds
  Import took 0.011534 seconds .

========================================================================
Received Prepare
Registering precompiled user dll's ...
Registered in 0.000851 seconds.
Begin MonoManager ReloadAssembly
Native extension for WindowsStandalone target not found
Refreshing native plugins compatible for Editor in 0.28 ms, found 0 plugins.
Preloading 0 native plugins for Editor in 0.00 ms.
Invoked RoslynAnalysisRunner static constructor.
RoslynAnalysisRunner will not be running.
RoslynAnalysisRunner has terminated.
Mono: successfully reloaded assembly
- Completed reload, in  0.874 seconds
Platform modules already initialized, skipping
Refreshing native plugins compatible for Editor in 0.21 ms, found 0 plugins.
Preloading 0 native plugins for Editor in 0.00 ms.
Unloading 1119 Unused Serialized files (Serialized files now loaded: 0)
System memory in use before: 74.9 MB.
System memory in use after: 74.4 MB.

Unloading 18 unused Assets to reduce memory usage. Loaded Objects now: 1659.
Total: 1.941800 ms (FindLiveObjects: 0.162700 ms CreateObjectMapping: 0.029100 ms MarkObjects: 1.365700 ms  DeleteObjects: 0.383200 ms)

========================================================================
Received Prepare
Registering precompiled user dll's ...
Registered in 0.000816 seconds.
Begin MonoManager ReloadAssembly
Native extension for WindowsStandalone target not found
Refreshing native plugins compatible for Editor in 0.21 ms, found 0 plugins.
Preloading 0 native plugins for Editor in 0.00 ms.
Invoked RoslynAnalysisRunner static constructor.
RoslynAnalysisRunner will not be running.
RoslynAnalysisRunner has terminated.
Mono: successfully reloaded assembly
- Completed reload, in  0.854 seconds
Platform modules already initialized, skipping
Refreshing native plugins compatible for Editor in 0.21 ms, found 0 plugins.
Preloading 0 native plugins for Editor in 0.00 ms.
Unloading 1119 Unused Serialized files (Serialized files now loaded: 0)
System memory in use before: 74.9 MB.
System memory in use after: 74.4 MB.

Unloading 18 unused Assets to reduce memory usage. Loaded Objects now: 1661.
Total: 1.913300 ms (FindLiveObjects: 0.185400 ms CreateObjectMapping: 0.039600 ms MarkObjects: 1.305900 ms  DeleteObjects: 0.381000 ms)

========================================================================
Received Import Request.
  Time since last request: 149.316699 seconds.
  path: Assets/Scripts/Events.cs
  artifactKey: Guid(e16b0a8044fb83540a5d87c736d2f3f0) Importer(815301076,1909f56bfc062723c751e8b465ee728b)
Start importing Assets/Scripts/Events.cs using Guid(e16b0a8044fb83540a5d87c736d2f3f0) Importer(815301076,1909f56bfc062723c751e8b465ee728b)  -> (artifact id: 'e837ff32785b8229f268a0b5fe6ff6d7') in 0.004463 seconds
  Import took 0.006343 seconds .

========================================================================
Received Prepare
Registering precompiled user dll's ...
Registered in 0.000830 seconds.
Begin MonoManager ReloadAssembly
Native extension for WindowsStandalone target not found
Refreshing native plugins compatible for Editor in 0.21 ms, found 0 plugins.
Preloading 0 native plugins for Editor in 0.00 ms.
Invoked RoslynAnalysisRunner static constructor.
RoslynAnalysisRunner will not be running.
RoslynAnalysisRunner has terminated.
Mono: successfully reloaded assembly
- Completed reload, in  0.835 seconds
Platform modules already initialized, skipping
Refreshing native plugins compatible for Editor in 0.22 ms, found 0 plugins.
Preloading 0 native plugins for Editor in 0.00 ms.
Unloading 1119 Unused Serialized files (Serialized files now loaded: 0)
System memory in use before: 74.9 MB.
System memory in use after: 74.4 MB.

Unloading 18 unused Assets to reduce memory usage. Loaded Objects now: 1663.
Total: 2.623100 ms (FindLiveObjects: 0.255200 ms CreateObjectMapping: 0.048100 ms MarkObjects: 1.803200 ms  DeleteObjects: 0.515400 ms)

========================================================================
Received Prepare
Registering precompiled user dll's ...
Registered in 0.000842 seconds.
Begin MonoManager ReloadAssembly
Native extension for WindowsStandalone target not found
Refreshing native plugins compatible for Editor in 0.28 ms, found 0 plugins.
Preloading 0 native plugins for Editor in 0.00 ms.
Invoked RoslynAnalysisRunner static constructor.
RoslynAnalysisRunner will not be running.
RoslynAnalysisRunner has terminated.
Mono: successfully reloaded assembly
- Completed reload, in  0.868 seconds
Platform modules already initialized, skipping
Refreshing native plugins compatible for Editor in 0.21 ms, found 0 plugins.
Preloading 0 native plugins for Editor in 0.00 ms.
Unloading 1119 Unused Serialized files (Serialized files now loaded: 0)
System memory in use before: 74.9 MB.
System memory in use after: 74.4 MB.

Unloading 18 unused Assets to reduce memory usage. Loaded Objects now: 1665.
Total: 1.880900 ms (FindLiveObjects: 0.153400 ms CreateObjectMapping: 0.028200 ms MarkObjects: 1.318800 ms  DeleteObjects: 0.379800 ms)

========================================================================
Received Import Request.
  Time since last request: 270.056808 seconds.
  path: Assets/Scenes/Level01.unity
  artifactKey: Guid(9fc0d4010bbf28b4594072e72b8655ab) Importer(815301076,1909f56bfc062723c751e8b465ee728b)
Start importing Assets/Scenes/Level01.unity using Guid(9fc0d4010bbf28b4594072e72b8655ab) Importer(815301076,1909f56bfc062723c751e8b465ee728b)  -> (artifact id: '6e865d6bfa494f6e4c538c7d248796ab') in 0.011214 seconds
  Import took 0.013151 seconds .

========================================================================
Received Prepare
Registering precompiled user dll's ...
Registered in 0.000809 seconds.
Begin MonoManager ReloadAssembly
Native extension for WindowsStandalone target not found
Refreshing native plugins compatible for Editor in 0.20 ms, found 0 plugins.
Preloading 0 native plugins for Editor in 0.00 ms.
Invoked RoslynAnalysisRunner static constructor.
RoslynAnalysisRunner will not be running.
RoslynAnalysisRunner has terminated.
Mono: successfully reloaded assembly
- Completed reload, in  0.852 seconds
Platform modules already initialized, skipping
Refreshing native plugins compatible for Editor in 0.20 ms, found 0 plugins.
Preloading 0 native plugins for Editor in 0.00 ms.
Unloading 1119 Unused Serialized files (Serialized files now loaded: 0)
System memory in use before: 75.0 MB.
System memory in use after: 74.4 MB.

Unloading 18 unused Assets to reduce memory usage. Loaded Objects now: 1667.
Total: 1.860300 ms (FindLiveObjects: 0.144100 ms CreateObjectMapping: 0.028300 ms MarkObjects: 1.316000 ms  DeleteObjects: 0.371200 ms)

========================================================================
Received Prepare
Registering precompiled user dll's ...
Registered in 0.000844 seconds.
Begin MonoManager ReloadAssembly
Native extension for WindowsStandalone target not found
Refreshing native plugins compatible for Editor in 0.21 ms, found 0 plugins.
Preloading 0 native plugins for Editor in 0.00 ms.
Invoked RoslynAnalysisRunner static constructor.
RoslynAnalysisRunner will not be running.
RoslynAnalysisRunner has terminated.
Mono: successfully reloaded assembly
- Completed reload, in  0.852 seconds
Platform modules already initialized, skipping
Refreshing native plugins compatible for Editor in 0.21 ms, found 0 plugins.
Preloading 0 native plugins for Editor in 0.00 ms.
Unloading 1119 Unused Serialized files (Serialized files now loaded: 0)
System memory in use before: 75.0 MB.
System memory in use after: 74.4 MB.

Unloading 18 unused Assets to reduce memory usage. Loaded Objects now: 1669.
Total: 1.967600 ms (FindLiveObjects: 0.157000 ms CreateObjectMapping: 0.049300 ms MarkObjects: 1.367800 ms  DeleteObjects: 0.392700 ms)

========================================================================
Received Prepare
Registering precompiled user dll's ...
Registered in 0.000783 seconds.
Begin MonoManager ReloadAssembly
Native extension for WindowsStandalone target not found
Refreshing native plugins compatible for Editor in 0.22 ms, found 0 plugins.
Preloading 0 native plugins for Editor in 0.00 ms.
Invoked RoslynAnalysisRunner static constructor.
RoslynAnalysisRunner will not be running.
RoslynAnalysisRunner has terminated.
Mono: successfully reloaded assembly
- Completed reload, in  0.873 seconds
Platform modules already initialized, skipping
Refreshing native plugins compatible for Editor in 0.21 ms, found 0 plugins.
Preloading 0 native plugins for Editor in 0.00 ms.
Unloading 1119 Unused Serialized files (Serialized files now loaded: 0)
System memory in use before: 75.0 MB.
System memory in use after: 74.4 MB.

Unloading 18 unused Assets to reduce memory usage. Loaded Objects now: 1671.
Total: 2.027100 ms (FindLiveObjects: 0.181600 ms CreateObjectMapping: 0.034300 ms MarkObjects: 1.404200 ms  DeleteObjects: 0.405800 ms)

========================================================================
Received Prepare
Registering precompiled user dll's ...
Registered in 0.000851 seconds.
Begin MonoManager ReloadAssembly
Native extension for WindowsStandalone target not found
Refreshing native plugins compatible for Editor in 0.26 ms, found 0 plugins.
Preloading 0 native plugins for Editor in 0.00 ms.
Invoked RoslynAnalysisRunner static constructor.
RoslynAnalysisRunner will not be running.
RoslynAnalysisRunner has terminated.
Mono: successfully reloaded assembly
- Completed reload, in  0.930 seconds
Platform modules already initialized, skipping
Refreshing native plugins compatible for Editor in 0.23 ms, found 0 plugins.
Preloading 0 native plugins for Editor in 0.00 ms.
Unloading 1119 Unused Serialized files (Serialized files now loaded: 0)
System memory in use before: 75.0 MB.
System memory in use after: 74.4 MB.

Unloading 18 unused Assets to reduce memory usage. Loaded Objects now: 1673.
Total: 2.122200 ms (FindLiveObjects: 0.202100 ms CreateObjectMapping: 0.043600 ms MarkObjects: 1.469100 ms  DeleteObjects: 0.406200 ms)

========================================================================
Received Prepare
Registering precompiled user dll's ...
Registered in 0.000796 seconds.
Begin MonoManager ReloadAssembly
Native extension for WindowsStandalone target not found
Refreshing native plugins compatible for Editor in 0.23 ms, found 0 plugins.
Preloading 0 native plugins for Editor in 0.00 ms.
Invoked RoslynAnalysisRunner static constructor.
RoslynAnalysisRunner will not be running.
RoslynAnalysisRunner has terminated.
Mono: successfully reloaded assembly
- Completed reload, in  0.857 seconds
Platform modules already initialized, skipping
Refreshing native plugins compatible for Editor in 0.21 ms, found 0 plugins.
Preloading 0 native plugins for Editor in 0.00 ms.
Unloading 1119 Unused Serialized files (Serialized files now loaded: 0)
System memory in use before: 75.0 MB.
System memory in use after: 74.4 MB.

Unloading 18 unused Assets to reduce memory usage. Loaded Objects now: 1675.
Total: 2.298700 ms (FindLiveObjects: 0.222700 ms CreateObjectMapping: 0.033700 ms MarkObjects: 1.588300 ms  DeleteObjects: 0.453100 ms)

========================================================================
Received Prepare
Registering precompiled user dll's ...
Registered in 0.000881 seconds.
Begin MonoManager ReloadAssembly
Native extension for WindowsStandalone target not found
Refreshing native plugins compatible for Editor in 0.23 ms, found 0 plugins.
Preloading 0 native plugins for Editor in 0.00 ms.
Invoked RoslynAnalysisRunner static constructor.
RoslynAnalysisRunner will not be running.
RoslynAnalysisRunner has terminated.
Mono: successfully reloaded assembly
- Completed reload, in  0.881 seconds
Platform modules already initialized, skipping
Refreshing native plugins compatible for Editor in 0.22 ms, found 0 plugins.
Preloading 0 native plugins for Editor in 0.00 ms.
Unloading 1119 Unused Serialized files (Serialized files now loaded: 0)
System memory in use before: 75.0 MB.
System memory in use after: 74.4 MB.

Unloading 18 unused Assets to reduce memory usage. Loaded Objects now: 1677.
Total: 2.232500 ms (FindLiveObjects: 0.209500 ms CreateObjectMapping: 0.032100 ms MarkObjects: 1.566600 ms  DeleteObjects: 0.423000 ms)

========================================================================
Received Import Request.
  Time since last request: 303.937425 seconds.
  path: Assets/_import/Supercyan Character Pack Free Sample/Free Sample Readme v2.1.pdf
  artifactKey: Guid(bc1ba5d3e5f712842aa93e82efafbf34) Importer(815301076,1909f56bfc062723c751e8b465ee728b)
Start importing Assets/_import/Supercyan Character Pack Free Sample/Free Sample Readme v2.1.pdf using Guid(bc1ba5d3e5f712842aa93e82efafbf34) Importer(815301076,1909f56bfc062723c751e8b465ee728b)  -> (artifact id: 'a89fc5fc4588f8e6b3c04c63b32a1a24') in 0.021395 seconds
  Import took 0.023519 seconds .

========================================================================
Received Import Request.
  Time since last request: 9.621588 seconds.
  path: Assets/_import/Supercyan Character Pack Free Sample/Prefabs/Simple Movement/Mobile/MobileMaleFreeSimpleMovement1.prefab
  artifactKey: Guid(16e7451e81164bc4caac73768f16ceb6) Importer(815301076,1909f56bfc062723c751e8b465ee728b)
Start importing Assets/_import/Supercyan Character Pack Free Sample/Prefabs/Simple Movement/Mobile/MobileMaleFreeSimpleMovement1.prefab using Guid(16e7451e81164bc4caac73768f16ceb6) Importer(815301076,1909f56bfc062723c751e8b465ee728b)  -> (artifact id: 'cb471b82fbc00959f8d020824cb460ad') in 0.175060 seconds
  Import took 0.178223 seconds .

========================================================================
Received Prepare
Registering precompiled user dll's ...
Registered in 0.001327 seconds.
Begin MonoManager ReloadAssembly
Native extension for WindowsStandalone target not found
Refreshing native plugins compatible for Editor in 0.33 ms, found 0 plugins.
Preloading 0 native plugins for Editor in 0.00 ms.
Invoked RoslynAnalysisRunner static constructor.
RoslynAnalysisRunner will not be running.
RoslynAnalysisRunner has terminated.
Mono: successfully reloaded assembly
- Completed reload, in  0.988 seconds
Platform modules already initialized, skipping
Refreshing native plugins compatible for Editor in 0.25 ms, found 0 plugins.
Preloading 0 native plugins for Editor in 0.00 ms.
Unloading 1119 Unused Serialized files (Serialized files now loaded: 0)
System memory in use before: 86.0 MB.
System memory in use after: 85.4 MB.

Unloading 18 unused Assets to reduce memory usage. Loaded Objects now: 1681.
Total: 2.177300 ms (FindLiveObjects: 0.186300 ms CreateObjectMapping: 0.037800 ms MarkObjects: 1.574500 ms  DeleteObjects: 0.377500 ms)

========================================================================
Received Import Request.
  Time since last request: 7540.813921 seconds.
  path: Assets/Scripts/BarrierSpawner.cs
  artifactKey: Guid(5ee281209c7d0514fa13c545deb3158d) Importer(815301076,1909f56bfc062723c751e8b465ee728b)
Start importing Assets/Scripts/BarrierSpawner.cs using Guid(5ee281209c7d0514fa13c545deb3158d) Importer(815301076,1909f56bfc062723c751e8b465ee728b)  -> (artifact id: '0122035648f863939cdc1b1a0745ef69') in 0.051942 seconds
  Import took 0.116915 seconds .

========================================================================
Received Import Request.
  Time since last request: 12.348044 seconds.
  path: Assets/Scripts/Events.cs
  artifactKey: Guid(e16b0a8044fb83540a5d87c736d2f3f0) Importer(815301076,1909f56bfc062723c751e8b465ee728b)
Start importing Assets/Scripts/Events.cs using Guid(e16b0a8044fb83540a5d87c736d2f3f0) Importer(815301076,1909f56bfc062723c751e8b465ee728b)  -> (artifact id: '0cd8329f3b20a7516849f1072bfff8cc') in 0.002829 seconds
  Import took 0.034904 seconds .

========================================================================
Received Import Request.
  Time since last request: 10.613806 seconds.
  path: Assets/Scripts/PlayerManager.cs
  artifactKey: Guid(9609b9b3bae0a374ca889e3b4af0022d) Importer(815301076,1909f56bfc062723c751e8b465ee728b)
Start importing Assets/Scripts/PlayerManager.cs using Guid(9609b9b3bae0a374ca889e3b4af0022d) Importer(815301076,1909f56bfc062723c751e8b465ee728b)  -> (artifact id: '656ad3d07202f22193491f8282f18cfe') in 0.100108 seconds
  Import took 0.185983 seconds .

========================================================================
Received Prepare
Registering precompiled user dll's ...
Registered in 0.000899 seconds.
Begin MonoManager ReloadAssembly
Native extension for WindowsStandalone target not found
Refreshing native plugins compatible for Editor in 0.21 ms, found 0 plugins.
Preloading 0 native plugins for Editor in 0.00 ms.
Invoked RoslynAnalysisRunner static constructor.
RoslynAnalysisRunner will not be running.
RoslynAnalysisRunner has terminated.
Mono: successfully reloaded assembly
- Completed reload, in  0.944 seconds
Platform modules already initialized, skipping
Refreshing native plugins compatible for Editor in 0.22 ms, found 0 plugins.
Preloading 0 native plugins for Editor in 0.00 ms.
Unloading 1119 Unused Serialized files (Serialized files now loaded: 0)
System memory in use before: 86.0 MB.
System memory in use after: 85.4 MB.

Unloading 18 unused Assets to reduce memory usage. Loaded Objects now: 1683.
Total: 2.194300 ms (FindLiveObjects: 0.273600 ms CreateObjectMapping: 0.039300 ms MarkObjects: 1.474300 ms  DeleteObjects: 0.406000 ms)

========================================================================
Received Import Request.
  Time since last request: 311.387202 seconds.
  path: Assets/Scripts/Score.cs
  artifactKey: Guid(9e05446395cbaca43b7e18e9e5f26f20) Importer(815301076,1909f56bfc062723c751e8b465ee728b)
Start importing Assets/Scripts/Score.cs using Guid(9e05446395cbaca43b7e18e9e5f26f20) Importer(815301076,1909f56bfc062723c751e8b465ee728b)  -> (artifact id: 'd64b5af339de4eece788ceac72514549') in 0.008974 seconds
  Import took 0.030925 seconds .

========================================================================
Received Import Request.
  Time since last request: 0.001031 seconds.
  path: Assets/Scripts/Score.cs
  artifactKey: Guid(9e05446395cbaca43b7e18e9e5f26f20) Importer(815301076,1909f56bfc062723c751e8b465ee728b)
Start importing Assets/Scripts/Score.cs using Guid(9e05446395cbaca43b7e18e9e5f26f20) Importer(815301076,1909f56bfc062723c751e8b465ee728b)  -> (artifact id: 'd64b5af339de4eece788ceac72514549') in 0.020157 seconds
  Import took 0.039486 seconds .

========================================================================
Received Prepare
Registering precompiled user dll's ...
Registered in 0.000815 seconds.
Begin MonoManager ReloadAssembly
Native extension for WindowsStandalone target not found
Refreshing native plugins compatible for Editor in 0.21 ms, found 0 plugins.
Preloading 0 native plugins for Editor in 0.00 ms.
Invoked RoslynAnalysisRunner static constructor.
RoslynAnalysisRunner will not be running.
RoslynAnalysisRunner has terminated.
Mono: successfully reloaded assembly
- Completed reload, in  0.872 seconds
Platform modules already initialized, skipping
Refreshing native plugins compatible for Editor in 0.21 ms, found 0 plugins.
Preloading 0 native plugins for Editor in 0.00 ms.
Unloading 1120 Unused Serialized files (Serialized files now loaded: 0)
System memory in use before: 85.9 MB.
System memory in use after: 85.4 MB.

Unloading 18 unused Assets to reduce memory usage. Loaded Objects now: 1686.
Total: 2.247100 ms (FindLiveObjects: 0.164600 ms CreateObjectMapping: 0.030400 ms MarkObjects: 1.655800 ms  DeleteObjects: 0.395000 ms)

========================================================================
Received Prepare
Registering precompiled user dll's ...
Registered in 0.000781 seconds.
Begin MonoManager ReloadAssembly
Native extension for WindowsStandalone target not found
Refreshing native plugins compatible for Editor in 0.23 ms, found 0 plugins.
Preloading 0 native plugins for Editor in 0.00 ms.
Invoked RoslynAnalysisRunner static constructor.
RoslynAnalysisRunner will not be running.
RoslynAnalysisRunner has terminated.
Mono: successfully reloaded assembly
- Completed reload, in  0.874 seconds
Platform modules already initialized, skipping
Refreshing native plugins compatible for Editor in 0.21 ms, found 0 plugins.
Preloading 0 native plugins for Editor in 0.00 ms.
Unloading 1120 Unused Serialized files (Serialized files now loaded: 0)
System memory in use before: 86.0 MB.
System memory in use after: 85.4 MB.

Unloading 18 unused Assets to reduce memory usage. Loaded Objects now: 1688.
Total: 2.068200 ms (FindLiveObjects: 0.147000 ms CreateObjectMapping: 0.033500 ms MarkObjects: 1.498300 ms  DeleteObjects: 0.388400 ms)

========================================================================
Received Prepare
Registering precompiled user dll's ...
Registered in 0.000816 seconds.
Begin MonoManager ReloadAssembly
Native extension for WindowsStandalone target not found
Refreshing native plugins compatible for Editor in 0.28 ms, found 0 plugins.
Preloading 0 native plugins for Editor in 0.00 ms.
Invoked RoslynAnalysisRunner static constructor.
RoslynAnalysisRunner will not be running.
RoslynAnalysisRunner has terminated.
Mono: successfully reloaded assembly
- Completed reload, in  0.869 seconds
Platform modules already initialized, skipping
Refreshing native plugins compatible for Editor in 0.21 ms, found 0 plugins.
Preloading 0 native plugins for Editor in 0.00 ms.
Unloading 1120 Unused Serialized files (Serialized files now loaded: 0)
System memory in use before: 86.0 MB.
System memory in use after: 85.4 MB.

Unloading 18 unused Assets to reduce memory usage. Loaded Objects now: 1690.
Total: 1.962400 ms (FindLiveObjects: 0.163500 ms CreateObjectMapping: 0.031200 ms MarkObjects: 1.380100 ms  DeleteObjects: 0.386800 ms)

========================================================================
Received Prepare
Registering precompiled user dll's ...
Registered in 0.000771 seconds.
Begin MonoManager ReloadAssembly
Native extension for WindowsStandalone target not found
Refreshing native plugins compatible for Editor in 0.21 ms, found 0 plugins.
Preloading 0 native plugins for Editor in 0.00 ms.
Invoked RoslynAnalysisRunner static constructor.
RoslynAnalysisRunner will not be running.
RoslynAnalysisRunner has terminated.
Mono: successfully reloaded assembly
- Completed reload, in  0.850 seconds
Platform modules already initialized, skipping
Refreshing native plugins compatible for Editor in 0.21 ms, found 0 plugins.
Preloading 0 native plugins for Editor in 0.00 ms.
Unloading 1120 Unused Serialized files (Serialized files now loaded: 0)
System memory in use before: 86.0 MB.
System memory in use after: 85.4 MB.

Unloading 18 unused Assets to reduce memory usage. Loaded Objects now: 1692.
Total: 1.962800 ms (FindLiveObjects: 0.160700 ms CreateObjectMapping: 0.029100 ms MarkObjects: 1.393200 ms  DeleteObjects: 0.379000 ms)

========================================================================
Received Prepare
Registering precompiled user dll's ...
Registered in 0.000763 seconds.
Begin MonoManager ReloadAssembly
Native extension for WindowsStandalone target not found
Refreshing native plugins compatible for Editor in 0.28 ms, found 0 plugins.
Preloading 0 native plugins for Editor in 0.00 ms.
Invoked RoslynAnalysisRunner static constructor.
RoslynAnalysisRunner will not be running.
RoslynAnalysisRunner has terminated.
Mono: successfully reloaded assembly
- Completed reload, in  0.872 seconds
Platform modules already initialized, skipping
Refreshing native plugins compatible for Editor in 0.20 ms, found 0 plugins.
Preloading 0 native plugins for Editor in 0.00 ms.
Unloading 1120 Unused Serialized files (Serialized files now loaded: 0)
System memory in use before: 86.0 MB.
System memory in use after: 85.4 MB.

Unloading 18 unused Assets to reduce memory usage. Loaded Objects now: 1694.
Total: 1.885800 ms (FindLiveObjects: 0.153300 ms CreateObjectMapping: 0.027500 ms MarkObjects: 1.329400 ms  DeleteObjects: 0.374700 ms)

========================================================================
Received Prepare
Registering precompiled user dll's ...
Registered in 0.001127 seconds.
Begin MonoManager ReloadAssembly
Native extension for WindowsStandalone target not found
Refreshing native plugins compatible for Editor in 0.21 ms, found 0 plugins.
Preloading 0 native plugins for Editor in 0.00 ms.
Invoked RoslynAnalysisRunner static constructor.
RoslynAnalysisRunner will not be running.
RoslynAnalysisRunner has terminated.
Mono: successfully reloaded assembly
- Completed reload, in  0.857 seconds
Platform modules already initialized, skipping
Refreshing native plugins compatible for Editor in 0.21 ms, found 0 plugins.
Preloading 0 native plugins for Editor in 0.00 ms.
Unloading 1120 Unused Serialized files (Serialized files now loaded: 0)
System memory in use before: 86.0 MB.
System memory in use after: 85.4 MB.

Unloading 18 unused Assets to reduce memory usage. Loaded Objects now: 1696.
Total: 2.508100 ms (FindLiveObjects: 0.154500 ms CreateObjectMapping: 0.027700 ms MarkObjects: 1.846400 ms  DeleteObjects: 0.478400 ms)

========================================================================
Received Prepare
Registering precompiled user dll's ...
Registered in 0.000813 seconds.
Begin MonoManager ReloadAssembly
Native extension for WindowsStandalone target not found
Refreshing native plugins compatible for Editor in 0.21 ms, found 0 plugins.
Preloading 0 native plugins for Editor in 0.00 ms.
Invoked RoslynAnalysisRunner static constructor.
RoslynAnalysisRunner will not be running.
RoslynAnalysisRunner has terminated.
Mono: successfully reloaded assembly
- Completed reload, in  0.844 seconds
Platform modules already initialized, skipping
Refreshing native plugins compatible for Editor in 0.20 ms, found 0 plugins.
Preloading 0 native plugins for Editor in 0.00 ms.
Unloading 1120 Unused Serialized files (Serialized files now loaded: 0)
System memory in use before: 86.0 MB.
System memory in use after: 85.5 MB.

Unloading 18 unused Assets to reduce memory usage. Loaded Objects now: 1698.
Total: 2.034000 ms (FindLiveObjects: 0.165200 ms CreateObjectMapping: 0.029000 ms MarkObjects: 1.454400 ms  DeleteObjects: 0.384500 ms)

========================================================================
Received Prepare
Registering precompiled user dll's ...
Registered in 0.000868 seconds.
Begin MonoManager ReloadAssembly
Native extension for WindowsStandalone target not found
Refreshing native plugins compatible for Editor in 0.23 ms, found 0 plugins.
Preloading 0 native plugins for Editor in 0.00 ms.
Invoked RoslynAnalysisRunner static constructor.
RoslynAnalysisRunner will not be running.
RoslynAnalysisRunner has terminated.
Mono: successfully reloaded assembly
- Completed reload, in  0.877 seconds
Platform modules already initialized, skipping
Refreshing native plugins compatible for Editor in 0.20 ms, found 0 plugins.
Preloading 0 native plugins for Editor in 0.00 ms.
Unloading 1120 Unused Serialized files (Serialized files now loaded: 0)
System memory in use before: 86.0 MB.
System memory in use after: 85.5 MB.

Unloading 18 unused Assets to reduce memory usage. Loaded Objects now: 1700.
Total: 2.471900 ms (FindLiveObjects: 0.255400 ms CreateObjectMapping: 0.072800 ms MarkObjects: 1.675600 ms  DeleteObjects: 0.466800 ms)

========================================================================
Received Prepare
Registering precompiled user dll's ...
Registered in 0.001507 seconds.
Begin MonoManager ReloadAssembly
Native extension for WindowsStandalone target not found
Refreshing native plugins compatible for Editor in 0.26 ms, found 2 plugins.
Preloading 0 native plugins for Editor in 0.00 ms.
Invoked RoslynAnalysisRunner static constructor.
RoslynAnalysisRunner will not be running.
RoslynAnalysisRunner has terminated.
Mono: successfully reloaded assembly
- Completed reload, in  0.865 seconds
Platform modules already initialized, skipping
Refreshing native plugins compatible for Editor in 0.27 ms, found 2 plugins.
Preloading 0 native plugins for Editor in 0.00 ms.
Unloading 1260 Unused Serialized files (Serialized files now loaded: 0)
System memory in use before: 90.3 MB.
System memory in use after: 89.6 MB.

Unloading 28 unused Assets to reduce memory usage. Loaded Objects now: 1832.
Total: 2.502300 ms (FindLiveObjects: 0.166700 ms CreateObjectMapping: 0.031800 ms MarkObjects: 1.713900 ms  DeleteObjects: 0.588700 ms)

========================================================================
Received Prepare
Registering precompiled user dll's ...
Registered in 0.001589 seconds.
Begin MonoManager ReloadAssembly
Native extension for WindowsStandalone target not found
Refreshing native plugins compatible for Editor in 0.26 ms, found 2 plugins.
Preloading 0 native plugins for Editor in 0.00 ms.
Invoked RoslynAnalysisRunner static constructor.
RoslynAnalysisRunner will not be running.
RoslynAnalysisRunner has terminated.
Mono: successfully reloaded assembly
- Completed reload, in  0.925 seconds
Platform modules already initialized, skipping
Refreshing native plugins compatible for Editor in 0.26 ms, found 2 plugins.
Preloading 0 native plugins for Editor in 0.00 ms.
Unloading 1260 Unused Serialized files (Serialized files now loaded: 0)
System memory in use before: 90.4 MB.
System memory in use after: 89.6 MB.

Unloading 28 unused Assets to reduce memory usage. Loaded Objects now: 1834.
Total: 2.282500 ms (FindLiveObjects: 0.182800 ms CreateObjectMapping: 0.034600 ms MarkObjects: 1.535600 ms  DeleteObjects: 0.528600 ms)

========================================================================
Received Prepare
Registering precompiled user dll's ...
Registered in 0.001313 seconds.
Begin MonoManager ReloadAssembly
Native extension for WindowsStandalone target not found
Refreshing native plugins compatible for Editor in 0.26 ms, found 2 plugins.
Preloading 0 native plugins for Editor in 0.00 ms.
Invoked RoslynAnalysisRunner static constructor.
RoslynAnalysisRunner will not be running.
RoslynAnalysisRunner has terminated.
Mono: successfully reloaded assembly
- Completed reload, in  0.859 seconds
Platform modules already initialized, skipping
Refreshing native plugins compatible for Editor in 0.26 ms, found 2 plugins.
Preloading 0 native plugins for Editor in 0.00 ms.
Unloading 1260 Unused Serialized files (Serialized files now loaded: 0)
System memory in use before: 90.4 MB.
System memory in use after: 89.6 MB.

Unloading 28 unused Assets to reduce memory usage. Loaded Objects now: 1836.
Total: 2.180600 ms (FindLiveObjects: 0.195800 ms CreateObjectMapping: 0.035100 ms MarkObjects: 1.431100 ms  DeleteObjects: 0.517200 ms)

========================================================================
Received Prepare
Registering precompiled user dll's ...
Registered in 0.001341 seconds.
Begin MonoManager ReloadAssembly
Native extension for WindowsStandalone target not found
Refreshing native plugins compatible for Editor in 0.26 ms, found 2 plugins.
Preloading 0 native plugins for Editor in 0.00 ms.
Invoked RoslynAnalysisRunner static constructor.
RoslynAnalysisRunner will not be running.
RoslynAnalysisRunner has terminated.
Mono: successfully reloaded assembly
- Completed reload, in  0.863 seconds
Platform modules already initialized, skipping
Refreshing native plugins compatible for Editor in 0.25 ms, found 2 plugins.
Preloading 0 native plugins for Editor in 0.00 ms.
Unloading 1260 Unused Serialized files (Serialized files now loaded: 0)
System memory in use before: 90.4 MB.
System memory in use after: 89.6 MB.

Unloading 28 unused Assets to reduce memory usage. Loaded Objects now: 1838.
Total: 2.044900 ms (FindLiveObjects: 0.155500 ms CreateObjectMapping: 0.033700 ms MarkObjects: 1.367000 ms  DeleteObjects: 0.487900 ms)

========================================================================
Received Prepare
Registering precompiled user dll's ...
Registered in 0.001379 seconds.
Begin MonoManager ReloadAssembly
Native extension for WindowsStandalone target not found
Refreshing native plugins compatible for Editor in 0.26 ms, found 2 plugins.
Preloading 0 native plugins for Editor in 0.00 ms.
Invoked RoslynAnalysisRunner static constructor.
RoslynAnalysisRunner will not be running.
RoslynAnalysisRunner has terminated.
Mono: successfully reloaded assembly
- Completed reload, in  0.860 seconds
Platform modules already initialized, skipping
Refreshing native plugins compatible for Editor in 0.25 ms, found 2 plugins.
Preloading 0 native plugins for Editor in 0.00 ms.
Unloading 1260 Unused Serialized files (Serialized files now loaded: 0)
System memory in use before: 90.3 MB.
System memory in use after: 89.6 MB.

Unloading 28 unused Assets to reduce memory usage. Loaded Objects now: 1840.
Total: 2.064200 ms (FindLiveObjects: 0.149200 ms CreateObjectMapping: 0.031600 ms MarkObjects: 1.408300 ms  DeleteObjects: 0.474400 ms)

========================================================================
Received Prepare
Registering precompiled user dll's ...
Registered in 0.001356 seconds.
Begin MonoManager ReloadAssembly
Native extension for WindowsStandalone target not found
Refreshing native plugins compatible for Editor in 0.27 ms, found 2 plugins.
Preloading 0 native plugins for Editor in 0.00 ms.
Invoked RoslynAnalysisRunner static constructor.
RoslynAnalysisRunner will not be running.
RoslynAnalysisRunner has terminated.
Mono: successfully reloaded assembly
- Completed reload, in  0.867 seconds
Platform modules already initialized, skipping
Refreshing native plugins compatible for Editor in 0.26 ms, found 2 plugins.
Preloading 0 native plugins for Editor in 0.00 ms.
Unloading 1260 Unused Serialized files (Serialized files now loaded: 0)
System memory in use before: 90.3 MB.
System memory in use after: 89.6 MB.

Unloading 28 unused Assets to reduce memory usage. Loaded Objects now: 1842.
Total: 2.193500 ms (FindLiveObjects: 0.198800 ms CreateObjectMapping: 0.044600 ms MarkObjects: 1.458900 ms  DeleteObjects: 0.489900 ms)

========================================================================
Received Prepare
Registering precompiled user dll's ...
Registered in 0.001430 seconds.
Begin MonoManager ReloadAssembly
Native extension for WindowsStandalone target not found
Refreshing native plugins compatible for Editor in 0.27 ms, found 2 plugins.
Preloading 0 native plugins for Editor in 0.00 ms.
Invoked RoslynAnalysisRunner static constructor.
RoslynAnalysisRunner will not be running.
RoslynAnalysisRunner has terminated.
Mono: successfully reloaded assembly
- Completed reload, in  0.870 seconds
Platform modules already initialized, skipping
Refreshing native plugins compatible for Editor in 0.25 ms, found 2 plugins.
Preloading 0 native plugins for Editor in 0.00 ms.
Unloading 1260 Unused Serialized files (Serialized files now loaded: 0)
System memory in use before: 90.3 MB.
System memory in use after: 89.6 MB.

Unloading 28 unused Assets to reduce memory usage. Loaded Objects now: 1844.
Total: 2.357000 ms (FindLiveObjects: 0.284300 ms CreateObjectMapping: 0.071100 ms MarkObjects: 1.511900 ms  DeleteObjects: 0.487800 ms)

========================================================================
Received Prepare
Registering precompiled user dll's ...
Registered in 0.001306 seconds.
Begin MonoManager ReloadAssembly
Native extension for WindowsStandalone target not found
Refreshing native plugins compatible for Editor in 0.26 ms, found 2 plugins.
Preloading 0 native plugins for Editor in 0.00 ms.
Invoked RoslynAnalysisRunner static constructor.
RoslynAnalysisRunner will not be running.
RoslynAnalysisRunner has terminated.
Mono: successfully reloaded assembly
- Completed reload, in  0.859 seconds
Platform modules already initialized, skipping
Refreshing native plugins compatible for Editor in 0.27 ms, found 2 plugins.
Preloading 0 native plugins for Editor in 0.00 ms.
Unloading 1260 Unused Serialized files (Serialized files now loaded: 0)
System memory in use before: 90.3 MB.
System memory in use after: 89.6 MB.

Unloading 28 unused Assets to reduce memory usage. Loaded Objects now: 1846.
Total: 2.379800 ms (FindLiveObjects: 0.235900 ms CreateObjectMapping: 0.042500 ms MarkObjects: 1.558100 ms  DeleteObjects: 0.542100 ms)

========================================================================
Received Prepare
Registering precompiled user dll's ...
Registered in 0.001524 seconds.
Begin MonoManager ReloadAssembly
Native extension for WindowsStandalone target not found
Refreshing native plugins compatible for Editor in 0.30 ms, found 2 plugins.
Preloading 0 native plugins for Editor in 0.00 ms.
Invoked RoslynAnalysisRunner static constructor.
RoslynAnalysisRunner will not be running.
RoslynAnalysisRunner has terminated.
Mono: successfully reloaded assembly
- Completed reload, in  0.960 seconds
Platform modules already initialized, skipping
Refreshing native plugins compatible for Editor in 0.27 ms, found 2 plugins.
Preloading 0 native plugins for Editor in 0.00 ms.
Unloading 1260 Unused Serialized files (Serialized files now loaded: 0)
System memory in use before: 90.3 MB.
System memory in use after: 89.6 MB.

Unloading 28 unused Assets to reduce memory usage. Loaded Objects now: 1848.
Total: 2.336000 ms (FindLiveObjects: 0.177800 ms CreateObjectMapping: 0.033300 ms MarkObjects: 1.581600 ms  DeleteObjects: 0.542200 ms)

========================================================================
Received Prepare
Registering precompiled user dll's ...
Registered in 0.001398 seconds.
Begin MonoManager ReloadAssembly
Native extension for WindowsStandalone target not found
Refreshing native plugins compatible for Editor in 0.34 ms, found 2 plugins.
Preloading 0 native plugins for Editor in 0.00 ms.
Invoked RoslynAnalysisRunner static constructor.
RoslynAnalysisRunner will not be running.
RoslynAnalysisRunner has terminated.
Mono: successfully reloaded assembly
- Completed reload, in  0.928 seconds
Platform modules already initialized, skipping
Refreshing native plugins compatible for Editor in 0.38 ms, found 2 plugins.
Preloading 0 native plugins for Editor in 0.00 ms.
Unloading 1260 Unused Serialized files (Serialized files now loaded: 0)
System memory in use before: 90.4 MB.
System memory in use after: 89.6 MB.

Unloading 28 unused Assets to reduce memory usage. Loaded Objects now: 1850.
Total: 2.565000 ms (FindLiveObjects: 0.275600 ms CreateObjectMapping: 0.045300 ms MarkObjects: 1.647800 ms  DeleteObjects: 0.595200 ms)

